This file contains any messages produced by compilers while
running configure, to aid debugging if configure makes a mistake.

It was created by PrBoom-Plus configure 2.5.1.3, which was
generated by GNU Autoconf 2.69.  Invocation command line was

  $ ./configure --target=mipsel-gcw0-linux-uclibc --host=mipsel-gcw0-linux-uclibc --build=x86_64-unknown-linux-gnu --prefix=/usr --exec-prefix=/usr --sysconfdir=/etc --program-prefix= --disable-gtk-doc --disable-doc --disable-docs --disable-documentation --with-xmlto=no --with-fop=no --disable-nls --enable-ipv6 --enable-static --enable-shared --oldincludedir=/home/ninoh-fox/toolchain/output/host/usr/mipsel-gcw0-linux-uclibc/sysroot/usr/include --with-sdl-prefix=/home/ninoh-fox/toolchain/output/host/usr/mipsel-gcw0-linux-uclibc/sysroot/usr --with-sdl-exec-prefix=/home/ninoh-fox/toolchain/output/host/usr/mipsel-gcw0-linux-uclibc/sysroot/usr --disable-cpu-opt --disable-sdltest --disable-gl build_alias=x86_64-unknown-linux-gnu host_alias=mipsel-gcw0-linux-uclibc target_alias=mipsel-gcw0-linux-uclibc CC=/home/ninoh-fox/toolchain/output/host/usr/bin/mipsel-gcw0-linux-uclibc-gcc CFLAGS=-D_LARGEFILE_SOURCE -D_LARGEFILE64_SOURCE -D_FILE_OFFSET_BITS=64  -pipe -O2  LDFLAGS= CPPFLAGS=-D_LARGEFILE_SOURCE -D_LARGEFILE64_SOURCE -D_FILE_OFFSET_BITS=64 CPP=/home/ninoh-fox/toolchain/output/host/usr/bin/mipsel-gcw0-linux-uclibc-cpp --no-create --no-recursion

## --------- ##
## Platform. ##
## --------- ##

hostname = debian
uname -m = x86_64
uname -r = 4.9.0-14-amd64
uname -s = Linux
uname -v = #1 SMP Debian 4.9.246-2 (2020-12-17)

/usr/bin/uname -p = unknown
/bin/uname -X     = unknown

/bin/arch              = unknown
/usr/bin/arch -k       = unknown
/usr/convex/getsysinfo = unknown
/usr/bin/hostinfo      = unknown
/bin/machine           = unknown
/usr/bin/oslevel       = unknown
/bin/universe          = unknown

PATH: /opt/gcw0-toolchain/usr/bin
PATH: /usr/local/bin
PATH: /usr/bin
PATH: /bin
PATH: /usr/local/games
PATH: /usr/games
PATH: /opt/gcw0-toolchain/usr/mipsel-gcw0-linux-uclibc/sysroot/usr/bin


## ----------- ##
## Core tests. ##
## ----------- ##

configure:2360: checking build system type
configure:2374: result: x86_64-unknown-linux-gnu
configure:2394: checking host system type
configure:2407: result: mipsel-gcw0-linux-uclibc
configure:2427: checking target system type
configure:2440: result: mipsel-gcw0-linux-uclibc
configure:2483: checking for a BSD-compatible install
configure:2551: result: /usr/bin/install -c
configure:2562: checking whether build environment is sane
configure:2612: result: yes
configure:2661: checking for mipsel-gcw0-linux-uclibc-strip
configure:2677: found /opt/gcw0-toolchain/usr/bin/mipsel-gcw0-linux-uclibc-strip
configure:2688: result: mipsel-gcw0-linux-uclibc-strip
configure:2753: checking for a thread-safe mkdir -p
configure:2792: result: /bin/mkdir -p
configure:2805: checking for gawk
configure:2821: found /opt/gcw0-toolchain/usr/bin/gawk
configure:2832: result: gawk
configure:2843: checking whether make sets $(MAKE)
configure:2865: result: yes
configure:2958: checking whether to disable maintainer-specific portions of Makefiles
configure:2967: result: yes
configure:3008: checking for mipsel-gcw0-linux-uclibc-gcc
configure:3035: result: /home/ninoh-fox/toolchain/output/host/usr/bin/mipsel-gcw0-linux-uclibc-gcc
configure:3304: checking for C compiler version
configure:3313: /home/ninoh-fox/toolchain/output/host/usr/bin/mipsel-gcw0-linux-uclibc-gcc --version >&5
mipsel-gcw0-linux-uclibc-gcc (Buildroot 2014.08-g6334840d5) 4.9.1
Copyright (C) 2014 Free Software Foundation, Inc.
This is free software; see the source for copying conditions.  There is NO
warranty; not even for MERCHANTABILITY or FITNESS FOR A PARTICULAR PURPOSE.

configure:3324: $? = 0
configure:3313: /home/ninoh-fox/toolchain/output/host/usr/bin/mipsel-gcw0-linux-uclibc-gcc -v >&5
Using built-in specs.
COLLECT_GCC=/home/ninoh-fox/toolchain/output/host/usr/bin/mipsel-gcw0-linux-uclibc-gcc
COLLECT_LTO_WRAPPER=/home/ninoh-fox/toolchain/output/host/usr/libexec/gcc/mipsel-gcw0-linux-uclibc/4.9.1/lto-wrapper
Target: mipsel-gcw0-linux-uclibc
Configured with: ./configure --prefix=/home/ninoh-fox/toolchain/output/host/usr --sysconfdir=/home/ninoh-fox/toolchain/output/host/etc --enable-static --target=mipsel-gcw0-linux-uclibc --with-sysroot=/home/ninoh-fox/toolchain/output/host/usr/mipsel-gcw0-linux-uclibc/sysroot --disable-__cxa_atexit --with-gnu-ld --disable-libssp --disable-multilib --with-gmp=/home/ninoh-fox/toolchain/output/host/usr --with-mpfr=/home/ninoh-fox/toolchain/output/host/usr --enable-target-optspace --disable-libsanitizer --enable-tls --disable-libmudflap --enable-threads --with-mpc=/home/ninoh-fox/toolchain/output/host/usr --with-isl=/home/ninoh-fox/toolchain/output/host/usr --with-cloog=/home/ninoh-fox/toolchain/output/host/usr --disable-decimal-float --with-arch=mips32r2 --with-tune=mips32r2 --with-abi=32 --with-pkgversion='Buildroot 2014.08-g6334840d5' --with-bugurl=http://bugs.buildroot.net/ --enable-languages=c,c++ --with-build-time-tools=/home/ninoh-fox/toolchain/output/host/usr/mipsel-gcw0-linux-uclibc/bin --enable-shared --disable-libgomp --enable-lto
Thread model: posix
gcc version 4.9.1 (Buildroot 2014.08-g6334840d5) 
configure:3324: $? = 0
configure:3313: /home/ninoh-fox/toolchain/output/host/usr/bin/mipsel-gcw0-linux-uclibc-gcc -V >&5
mipsel-gcw0-linux-uclibc-gcc: error: unrecognized command line option '-V'
mipsel-gcw0-linux-uclibc-gcc: fatal error: no input files
compilation terminated.
configure:3324: $? = 1
configure:3313: /home/ninoh-fox/toolchain/output/host/usr/bin/mipsel-gcw0-linux-uclibc-gcc -qversion >&5
mipsel-gcw0-linux-uclibc-gcc: error: unrecognized command line option '-qversion'
mipsel-gcw0-linux-uclibc-gcc: fatal error: no input files
compilation terminated.
configure:3324: $? = 1
configure:3344: checking whether the C compiler works
configure:3366: /home/ninoh-fox/toolchain/output/host/usr/bin/mipsel-gcw0-linux-uclibc-gcc -D_LARGEFILE_SOURCE -D_LARGEFILE64_SOURCE -D_FILE_OFFSET_BITS=64  -pipe -O2  -D_LARGEFILE_SOURCE -D_LARGEFILE64_SOURCE -D_FILE_OFFSET_BITS=64  conftest.c  >&5
configure:3370: $? = 0
configure:3418: result: yes
configure:3421: checking for C compiler default output file name
configure:3423: result: a.out
configure:3429: checking for suffix of executables
configure:3436: /home/ninoh-fox/toolchain/output/host/usr/bin/mipsel-gcw0-linux-uclibc-gcc -o conftest -D_LARGEFILE_SOURCE -D_LARGEFILE64_SOURCE -D_FILE_OFFSET_BITS=64  -pipe -O2  -D_LARGEFILE_SOURCE -D_LARGEFILE64_SOURCE -D_FILE_OFFSET_BITS=64  conftest.c  >&5
configure:3440: $? = 0
configure:3462: result: 
configure:3484: checking whether we are cross compiling
configure:3522: result: yes
configure:3527: checking for suffix of object files
configure:3549: /home/ninoh-fox/toolchain/output/host/usr/bin/mipsel-gcw0-linux-uclibc-gcc -c -D_LARGEFILE_SOURCE -D_LARGEFILE64_SOURCE -D_FILE_OFFSET_BITS=64  -pipe -O2  -D_LARGEFILE_SOURCE -D_LARGEFILE64_SOURCE -D_FILE_OFFSET_BITS=64 conftest.c >&5
configure:3553: $? = 0
configure:3574: result: o
configure:3578: checking whether we are using the GNU C compiler
configure:3597: /home/ninoh-fox/toolchain/output/host/usr/bin/mipsel-gcw0-linux-uclibc-gcc -c -D_LARGEFILE_SOURCE -D_LARGEFILE64_SOURCE -D_FILE_OFFSET_BITS=64  -pipe -O2  -D_LARGEFILE_SOURCE -D_LARGEFILE64_SOURCE -D_FILE_OFFSET_BITS=64 conftest.c >&5
configure:3597: $? = 0
configure:3606: result: yes
configure:3615: checking whether /home/ninoh-fox/toolchain/output/host/usr/bin/mipsel-gcw0-linux-uclibc-gcc accepts -g
configure:3635: /home/ninoh-fox/toolchain/output/host/usr/bin/mipsel-gcw0-linux-uclibc-gcc -c -g -D_LARGEFILE_SOURCE -D_LARGEFILE64_SOURCE -D_FILE_OFFSET_BITS=64 conftest.c >&5
configure:3635: $? = 0
configure:3676: result: yes
configure:3693: checking for /home/ninoh-fox/toolchain/output/host/usr/bin/mipsel-gcw0-linux-uclibc-gcc option to accept ISO C89
configure:3756: /home/ninoh-fox/toolchain/output/host/usr/bin/mipsel-gcw0-linux-uclibc-gcc  -c -D_LARGEFILE_SOURCE -D_LARGEFILE64_SOURCE -D_FILE_OFFSET_BITS=64  -pipe -O2  -D_LARGEFILE_SOURCE -D_LARGEFILE64_SOURCE -D_FILE_OFFSET_BITS=64 conftest.c >&5
configure:3756: $? = 0
configure:3769: result: none needed
configure:3800: checking for style of include used by make
configure:3828: result: GNU
configure:3853: checking dependency style of /home/ninoh-fox/toolchain/output/host/usr/bin/mipsel-gcw0-linux-uclibc-gcc
configure:3963: result: gcc3
configure:3978: checking whether ln -s works
configure:3982: result: yes
configure:3992: checking for mipsel-gcw0-linux-uclibc-ranlib
configure:4008: found /opt/gcw0-toolchain/usr/bin/mipsel-gcw0-linux-uclibc-ranlib
configure:4019: result: mipsel-gcw0-linux-uclibc-ranlib
configure:4087: checking how to run the C preprocessor
configure:4157: result: /home/ninoh-fox/toolchain/output/host/usr/bin/mipsel-gcw0-linux-uclibc-cpp
configure:4177: /home/ninoh-fox/toolchain/output/host/usr/bin/mipsel-gcw0-linux-uclibc-cpp -D_LARGEFILE_SOURCE -D_LARGEFILE64_SOURCE -D_FILE_OFFSET_BITS=64 conftest.c
configure:4177: $? = 0
configure:4191: /home/ninoh-fox/toolchain/output/host/usr/bin/mipsel-gcw0-linux-uclibc-cpp -D_LARGEFILE_SOURCE -D_LARGEFILE64_SOURCE -D_FILE_OFFSET_BITS=64 conftest.c
conftest.c:12:28: fatal error: ac_nonexistent.h: No such file or directory
 #include <ac_nonexistent.h>
                            ^
compilation terminated.
configure:4191: $? = 1
configure: failed program was:
| /* confdefs.h */
| #define PACKAGE_NAME "PrBoom-Plus"
| #define PACKAGE_TARNAME "prboom-plus"
| #define PACKAGE_VERSION "2.5.1.3"
| #define PACKAGE_STRING "PrBoom-Plus 2.5.1.3"
| #define PACKAGE_BUGREPORT ""
| #define PACKAGE_URL ""
| #define PACKAGE "prboom-plus"
| #define VERSION "2.5.1.3"
| #define DOOMWADDIR "/usr/share/games/doom"
| /* end confdefs.h.  */
| #include <ac_nonexistent.h>
configure:4220: checking for grep that handles long lines and -e
configure:4278: result: /bin/grep
configure:4283: checking for egrep
configure:4345: result: /bin/grep -E
configure:4350: checking for ANSI C header files
configure:4370: /home/ninoh-fox/toolchain/output/host/usr/bin/mipsel-gcw0-linux-uclibc-gcc -c -D_LARGEFILE_SOURCE -D_LARGEFILE64_SOURCE -D_FILE_OFFSET_BITS=64  -pipe -O2  -D_LARGEFILE_SOURCE -D_LARGEFILE64_SOURCE -D_FILE_OFFSET_BITS=64 conftest.c >&5
configure:4370: $? = 0
configure:4454: result: yes
configure:4467: checking for sys/types.h
configure:4467: /home/ninoh-fox/toolchain/output/host/usr/bin/mipsel-gcw0-linux-uclibc-gcc -c -D_LARGEFILE_SOURCE -D_LARGEFILE64_SOURCE -D_FILE_OFFSET_BITS=64  -pipe -O2  -D_LARGEFILE_SOURCE -D_LARGEFILE64_SOURCE -D_FILE_OFFSET_BITS=64 conftest.c >&5
configure:4467: $? = 0
configure:4467: result: yes
configure:4467: checking for sys/stat.h
configure:4467: /home/ninoh-fox/toolchain/output/host/usr/bin/mipsel-gcw0-linux-uclibc-gcc -c -D_LARGEFILE_SOURCE -D_LARGEFILE64_SOURCE -D_FILE_OFFSET_BITS=64  -pipe -O2  -D_LARGEFILE_SOURCE -D_LARGEFILE64_SOURCE -D_FILE_OFFSET_BITS=64 conftest.c >&5
configure:4467: $? = 0
configure:4467: result: yes
configure:4467: checking for stdlib.h
configure:4467: /home/ninoh-fox/toolchain/output/host/usr/bin/mipsel-gcw0-linux-uclibc-gcc -c -D_LARGEFILE_SOURCE -D_LARGEFILE64_SOURCE -D_FILE_OFFSET_BITS=64  -pipe -O2  -D_LARGEFILE_SOURCE -D_LARGEFILE64_SOURCE -D_FILE_OFFSET_BITS=64 conftest.c >&5
configure:4467: $? = 0
configure:4467: result: yes
configure:4467: checking for string.h
configure:4467: /home/ninoh-fox/toolchain/output/host/usr/bin/mipsel-gcw0-linux-uclibc-gcc -c -D_LARGEFILE_SOURCE -D_LARGEFILE64_SOURCE -D_FILE_OFFSET_BITS=64  -pipe -O2  -D_LARGEFILE_SOURCE -D_LARGEFILE64_SOURCE -D_FILE_OFFSET_BITS=64 conftest.c >&5
configure:4467: $? = 0
configure:4467: result: yes
configure:4467: checking for memory.h
configure:4467: /home/ninoh-fox/toolchain/output/host/usr/bin/mipsel-gcw0-linux-uclibc-gcc -c -D_LARGEFILE_SOURCE -D_LARGEFILE64_SOURCE -D_FILE_OFFSET_BITS=64  -pipe -O2  -D_LARGEFILE_SOURCE -D_LARGEFILE64_SOURCE -D_FILE_OFFSET_BITS=64 conftest.c >&5
configure:4467: $? = 0
configure:4467: result: yes
configure:4467: checking for strings.h
configure:4467: /home/ninoh-fox/toolchain/output/host/usr/bin/mipsel-gcw0-linux-uclibc-gcc -c -D_LARGEFILE_SOURCE -D_LARGEFILE64_SOURCE -D_FILE_OFFSET_BITS=64  -pipe -O2  -D_LARGEFILE_SOURCE -D_LARGEFILE64_SOURCE -D_FILE_OFFSET_BITS=64 conftest.c >&5
configure:4467: $? = 0
configure:4467: result: yes
configure:4467: checking for inttypes.h
configure:4467: /home/ninoh-fox/toolchain/output/host/usr/bin/mipsel-gcw0-linux-uclibc-gcc -c -D_LARGEFILE_SOURCE -D_LARGEFILE64_SOURCE -D_FILE_OFFSET_BITS=64  -pipe -O2  -D_LARGEFILE_SOURCE -D_LARGEFILE64_SOURCE -D_FILE_OFFSET_BITS=64 conftest.c >&5
configure:4467: $? = 0
configure:4467: result: yes
configure:4467: checking for stdint.h
configure:4467: /home/ninoh-fox/toolchain/output/host/usr/bin/mipsel-gcw0-linux-uclibc-gcc -c -D_LARGEFILE_SOURCE -D_LARGEFILE64_SOURCE -D_FILE_OFFSET_BITS=64  -pipe -O2  -D_LARGEFILE_SOURCE -D_LARGEFILE64_SOURCE -D_FILE_OFFSET_BITS=64 conftest.c >&5
configure:4467: $? = 0
configure:4467: result: yes
configure:4467: checking for unistd.h
configure:4467: /home/ninoh-fox/toolchain/output/host/usr/bin/mipsel-gcw0-linux-uclibc-gcc -c -D_LARGEFILE_SOURCE -D_LARGEFILE64_SOURCE -D_FILE_OFFSET_BITS=64  -pipe -O2  -D_LARGEFILE_SOURCE -D_LARGEFILE64_SOURCE -D_FILE_OFFSET_BITS=64 conftest.c >&5
configure:4467: $? = 0
configure:4467: result: yes
configure:4480: checking minix/config.h usability
configure:4480: /home/ninoh-fox/toolchain/output/host/usr/bin/mipsel-gcw0-linux-uclibc-gcc -c -D_LARGEFILE_SOURCE -D_LARGEFILE64_SOURCE -D_FILE_OFFSET_BITS=64  -pipe -O2  -D_LARGEFILE_SOURCE -D_LARGEFILE64_SOURCE -D_FILE_OFFSET_BITS=64 conftest.c >&5
conftest.c:55:26: fatal error: minix/config.h: No such file or directory
 #include <minix/config.h>
                          ^
compilation terminated.
configure:4480: $? = 1
configure: failed program was:
| /* confdefs.h */
| #define PACKAGE_NAME "PrBoom-Plus"
| #define PACKAGE_TARNAME "prboom-plus"
| #define PACKAGE_VERSION "2.5.1.3"
| #define PACKAGE_STRING "PrBoom-Plus 2.5.1.3"
| #define PACKAGE_BUGREPORT ""
| #define PACKAGE_URL ""
| #define PACKAGE "prboom-plus"
| #define VERSION "2.5.1.3"
| #define DOOMWADDIR "/usr/share/games/doom"
| #define STDC_HEADERS 1
| #define HAVE_SYS_TYPES_H 1
| #define HAVE_SYS_STAT_H 1
| #define HAVE_STDLIB_H 1
| #define HAVE_STRING_H 1
| #define HAVE_MEMORY_H 1
| #define HAVE_STRINGS_H 1
| #define HAVE_INTTYPES_H 1
| #define HAVE_STDINT_H 1
| #define HAVE_UNISTD_H 1
| /* end confdefs.h.  */
| #include <stdio.h>
| #ifdef HAVE_SYS_TYPES_H
| # include <sys/types.h>
| #endif
| #ifdef HAVE_SYS_STAT_H
| # include <sys/stat.h>
| #endif
| #ifdef STDC_HEADERS
| # include <stdlib.h>
| # include <stddef.h>
| #else
| # ifdef HAVE_STDLIB_H
| #  include <stdlib.h>
| # endif
| #endif
| #ifdef HAVE_STRING_H
| # if !defined STDC_HEADERS && defined HAVE_MEMORY_H
| #  include <memory.h>
| # endif
| # include <string.h>
| #endif
| #ifdef HAVE_STRINGS_H
| # include <strings.h>
| #endif
| #ifdef HAVE_INTTYPES_H
| # include <inttypes.h>
| #endif
| #ifdef HAVE_STDINT_H
| # include <stdint.h>
| #endif
| #ifdef HAVE_UNISTD_H
| # include <unistd.h>
| #endif
| #include <minix/config.h>
configure:4480: result: no
configure:4480: checking minix/config.h presence
configure:4480: /home/ninoh-fox/toolchain/output/host/usr/bin/mipsel-gcw0-linux-uclibc-cpp -D_LARGEFILE_SOURCE -D_LARGEFILE64_SOURCE -D_FILE_OFFSET_BITS=64 conftest.c
conftest.c:22:26: fatal error: minix/config.h: No such file or directory
 #include <minix/config.h>
                          ^
compilation terminated.
configure:4480: $? = 1
configure: failed program was:
| /* confdefs.h */
| #define PACKAGE_NAME "PrBoom-Plus"
| #define PACKAGE_TARNAME "prboom-plus"
| #define PACKAGE_VERSION "2.5.1.3"
| #define PACKAGE_STRING "PrBoom-Plus 2.5.1.3"
| #define PACKAGE_BUGREPORT ""
| #define PACKAGE_URL ""
| #define PACKAGE "prboom-plus"
| #define VERSION "2.5.1.3"
| #define DOOMWADDIR "/usr/share/games/doom"
| #define STDC_HEADERS 1
| #define HAVE_SYS_TYPES_H 1
| #define HAVE_SYS_STAT_H 1
| #define HAVE_STDLIB_H 1
| #define HAVE_STRING_H 1
| #define HAVE_MEMORY_H 1
| #define HAVE_STRINGS_H 1
| #define HAVE_INTTYPES_H 1
| #define HAVE_STDINT_H 1
| #define HAVE_UNISTD_H 1
| /* end confdefs.h.  */
| #include <minix/config.h>
configure:4480: result: no
configure:4480: checking for minix/config.h
configure:4480: result: no
configure:4501: checking whether it is safe to define __EXTENSIONS__
configure:4519: /home/ninoh-fox/toolchain/output/host/usr/bin/mipsel-gcw0-linux-uclibc-gcc -c -D_LARGEFILE_SOURCE -D_LARGEFILE64_SOURCE -D_FILE_OFFSET_BITS=64  -pipe -O2  -D_LARGEFILE_SOURCE -D_LARGEFILE64_SOURCE -D_FILE_OFFSET_BITS=64 conftest.c >&5
configure:4519: $? = 0
configure:4526: result: yes
configure:4559: checking whether compiler supports -Wall
configure:4575: /home/ninoh-fox/toolchain/output/host/usr/bin/mipsel-gcw0-linux-uclibc-gcc -c -D_LARGEFILE_SOURCE -D_LARGEFILE64_SOURCE -D_FILE_OFFSET_BITS=64  -pipe -O2  -Wall -D_LARGEFILE_SOURCE -D_LARGEFILE64_SOURCE -D_FILE_OFFSET_BITS=64 conftest.c >&5
configure:4575: $? = 0
configure:4578: result: yes
configure:4559: checking whether compiler supports -Wextra
configure:4575: /home/ninoh-fox/toolchain/output/host/usr/bin/mipsel-gcw0-linux-uclibc-gcc -c -D_LARGEFILE_SOURCE -D_LARGEFILE64_SOURCE -D_FILE_OFFSET_BITS=64  -pipe -O2  -Wall -Wextra -D_LARGEFILE_SOURCE -D_LARGEFILE64_SOURCE -D_FILE_OFFSET_BITS=64 conftest.c >&5
configure:4575: $? = 0
configure:4578: result: yes
configure:4559: checking whether compiler supports -Wno-missing-field-initializers
configure:4575: /home/ninoh-fox/toolchain/output/host/usr/bin/mipsel-gcw0-linux-uclibc-gcc -c -D_LARGEFILE_SOURCE -D_LARGEFILE64_SOURCE -D_FILE_OFFSET_BITS=64  -pipe -O2  -Wall -Wextra -Wno-missing-field-initializers -D_LARGEFILE_SOURCE -D_LARGEFILE64_SOURCE -D_FILE_OFFSET_BITS=64 conftest.c >&5
configure:4575: $? = 0
configure:4578: result: yes
configure:4559: checking whether compiler supports -Wwrite-strings
configure:4575: /home/ninoh-fox/toolchain/output/host/usr/bin/mipsel-gcw0-linux-uclibc-gcc -c -D_LARGEFILE_SOURCE -D_LARGEFILE64_SOURCE -D_FILE_OFFSET_BITS=64  -pipe -O2  -Wall -Wextra -Wno-missing-field-initializers -Wwrite-strings -D_LARGEFILE_SOURCE -D_LARGEFILE64_SOURCE -D_FILE_OFFSET_BITS=64 conftest.c >&5
configure:4575: $? = 0
configure:4578: result: yes
configure:4559: checking whether compiler supports -Wundef
configure:4575: /home/ninoh-fox/toolchain/output/host/usr/bin/mipsel-gcw0-linux-uclibc-gcc -c -D_LARGEFILE_SOURCE -D_LARGEFILE64_SOURCE -D_FILE_OFFSET_BITS=64  -pipe -O2  -Wall -Wextra -Wno-missing-field-initializers -Wwrite-strings -Wundef -D_LARGEFILE_SOURCE -D_LARGEFILE64_SOURCE -D_FILE_OFFSET_BITS=64 conftest.c >&5
configure:4575: $? = 0
configure:4578: result: yes
configure:4559: checking whether compiler supports -Wbad-function-cast
configure:4575: /home/ninoh-fox/toolchain/output/host/usr/bin/mipsel-gcw0-linux-uclibc-gcc -c -D_LARGEFILE_SOURCE -D_LARGEFILE64_SOURCE -D_FILE_OFFSET_BITS=64  -pipe -O2  -Wall -Wextra -Wno-missing-field-initializers -Wwrite-strings -Wundef -Wbad-function-cast -D_LARGEFILE_SOURCE -D_LARGEFILE64_SOURCE -D_FILE_OFFSET_BITS=64 conftest.c >&5
configure:4575: $? = 0
configure:4578: result: yes
configure:4559: checking whether compiler supports -Wcast-align
configure:4575: /home/ninoh-fox/toolchain/output/host/usr/bin/mipsel-gcw0-linux-uclibc-gcc -c -D_LARGEFILE_SOURCE -D_LARGEFILE64_SOURCE -D_FILE_OFFSET_BITS=64  -pipe -O2  -Wall -Wextra -Wno-missing-field-initializers -Wwrite-strings -Wundef -Wbad-function-cast -Wcast-align -D_LARGEFILE_SOURCE -D_LARGEFILE64_SOURCE -D_FILE_OFFSET_BITS=64 conftest.c >&5
configure:4575: $? = 0
configure:4578: result: yes
configure:4559: checking whether compiler supports -Wcast-qual
configure:4575: /home/ninoh-fox/toolchain/output/host/usr/bin/mipsel-gcw0-linux-uclibc-gcc -c -D_LARGEFILE_SOURCE -D_LARGEFILE64_SOURCE -D_FILE_OFFSET_BITS=64  -pipe -O2  -Wall -Wextra -Wno-missing-field-initializers -Wwrite-strings -Wundef -Wbad-function-cast -Wcast-align -Wcast-qual -D_LARGEFILE_SOURCE -D_LARGEFILE64_SOURCE -D_FILE_OFFSET_BITS=64 conftest.c >&5
configure:4575: $? = 0
configure:4578: result: yes
configure:4559: checking whether compiler supports -Wdeclaration-after-statement
configure:4575: /home/ninoh-fox/toolchain/output/host/usr/bin/mipsel-gcw0-linux-uclibc-gcc -c -D_LARGEFILE_SOURCE -D_LARGEFILE64_SOURCE -D_FILE_OFFSET_BITS=64  -pipe -O2  -Wall -Wextra -Wno-missing-field-initializers -Wwrite-strings -Wundef -Wbad-function-cast -Wcast-align -Wcast-qual -Wdeclaration-after-statement -D_LARGEFILE_SOURCE -D_LARGEFILE64_SOURCE -D_FILE_OFFSET_BITS=64 conftest.c >&5
configure:4575: $? = 0
configure:4578: result: yes
configure:4559: checking whether compiler supports -Wpointer-arith
configure:4575: /home/ninoh-fox/toolchain/output/host/usr/bin/mipsel-gcw0-linux-uclibc-gcc -c -D_LARGEFILE_SOURCE -D_LARGEFILE64_SOURCE -D_FILE_OFFSET_BITS=64  -pipe -O2  -Wall -Wextra -Wno-missing-field-initializers -Wwrite-strings -Wundef -Wbad-function-cast -Wcast-align -Wcast-qual -Wdeclaration-after-statement -Wpointer-arith -D_LARGEFILE_SOURCE -D_LARGEFILE64_SOURCE -D_FILE_OFFSET_BITS=64 conftest.c >&5
configure:4575: $? = 0
configure:4578: result: yes
configure:4559: checking whether compiler supports -ffast-math
configure:4575: /home/ninoh-fox/toolchain/output/host/usr/bin/mipsel-gcw0-linux-uclibc-gcc -c -D_LARGEFILE_SOURCE -D_LARGEFILE64_SOURCE -D_FILE_OFFSET_BITS=64  -pipe -O2  -Wall -Wextra -Wno-missing-field-initializers -Wwrite-strings -Wundef -Wbad-function-cast -Wcast-align -Wcast-qual -Wdeclaration-after-statement -Wpointer-arith -ffast-math -D_LARGEFILE_SOURCE -D_LARGEFILE64_SOURCE -D_FILE_OFFSET_BITS=64 conftest.c >&5
configure:4575: $? = 0
configure:4578: result: yes
configure:4602: checking whether compiler supports -Wno-unused
configure:4618: /home/ninoh-fox/toolchain/output/host/usr/bin/mipsel-gcw0-linux-uclibc-gcc -c -D_LARGEFILE_SOURCE -D_LARGEFILE64_SOURCE -D_FILE_OFFSET_BITS=64  -pipe -O2  -Wall -Wextra -Wno-missing-field-initializers -Wwrite-strings -Wundef -Wbad-function-cast -Wcast-align -Wcast-qual -Wdeclaration-after-statement -Wpointer-arith -ffast-math -Wno-unused -D_LARGEFILE_SOURCE -D_LARGEFILE64_SOURCE -D_FILE_OFFSET_BITS=64 conftest.c >&5
configure:4618: $? = 0
configure:4621: result: yes
configure:4602: checking whether compiler supports -Wno-switch
configure:4618: /home/ninoh-fox/toolchain/output/host/usr/bin/mipsel-gcw0-linux-uclibc-gcc -c -D_LARGEFILE_SOURCE -D_LARGEFILE64_SOURCE -D_FILE_OFFSET_BITS=64  -pipe -O2  -Wall -Wextra -Wno-missing-field-initializers -Wwrite-strings -Wundef -Wbad-function-cast -Wcast-align -Wcast-qual -Wdeclaration-after-statement -Wpointer-arith -ffast-math -Wno-unused -Wno-switch -D_LARGEFILE_SOURCE -D_LARGEFILE64_SOURCE -D_FILE_OFFSET_BITS=64 conftest.c >&5
configure:4618: $? = 0
configure:4621: result: yes
configure:4602: checking whether compiler supports -Wno-sign-compare
configure:4618: /home/ninoh-fox/toolchain/output/host/usr/bin/mipsel-gcw0-linux-uclibc-gcc -c -D_LARGEFILE_SOURCE -D_LARGEFILE64_SOURCE -D_FILE_OFFSET_BITS=64  -pipe -O2  -Wall -Wextra -Wno-missing-field-initializers -Wwrite-strings -Wundef -Wbad-function-cast -Wcast-align -Wcast-qual -Wdeclaration-after-statement -Wpointer-arith -ffast-math -Wno-unused -Wno-switch -Wno-sign-compare -D_LARGEFILE_SOURCE -D_LARGEFILE64_SOURCE -D_FILE_OFFSET_BITS=64 conftest.c >&5
configure:4618: $? = 0
configure:4621: result: yes
configure:4602: checking whether compiler supports -Wno-pointer-sign
configure:4618: /home/ninoh-fox/toolchain/output/host/usr/bin/mipsel-gcw0-linux-uclibc-gcc -c -D_LARGEFILE_SOURCE -D_LARGEFILE64_SOURCE -D_FILE_OFFSET_BITS=64  -pipe -O2  -Wall -Wextra -Wno-missing-field-initializers -Wwrite-strings -Wundef -Wbad-function-cast -Wcast-align -Wcast-qual -Wdeclaration-after-statement -Wpointer-arith -ffast-math -Wno-unused -Wno-switch -Wno-sign-compare -Wno-pointer-sign -D_LARGEFILE_SOURCE -D_LARGEFILE64_SOURCE -D_FILE_OFFSET_BITS=64 conftest.c >&5
configure:4618: $? = 0
configure:4621: result: yes
configure:4689: checking if malloc debugging is wanted
configure:4707: result: no
configure:4803: checking whether compiler supports -O2
configure:4819: /home/ninoh-fox/toolchain/output/host/usr/bin/mipsel-gcw0-linux-uclibc-gcc -c -D_LARGEFILE_SOURCE -D_LARGEFILE64_SOURCE -D_FILE_OFFSET_BITS=64  -pipe -O2  -Wall -Wextra -Wno-missing-field-initializers -Wwrite-strings -Wundef -Wbad-function-cast -Wcast-align -Wcast-qual -Wdeclaration-after-statement -Wpointer-arith -ffast-math -Wno-unused -Wno-switch -Wno-sign-compare -Wno-pointer-sign -O2 -D_LARGEFILE_SOURCE -D_LARGEFILE64_SOURCE -D_FILE_OFFSET_BITS=64 conftest.c >&5
configure:4819: $? = 0
configure:4822: result: yes
configure:4803: checking whether compiler supports -fomit-frame-pointer
configure:4819: /home/ninoh-fox/toolchain/output/host/usr/bin/mipsel-gcw0-linux-uclibc-gcc -c -D_LARGEFILE_SOURCE -D_LARGEFILE64_SOURCE -D_FILE_OFFSET_BITS=64  -pipe -O2  -Wall -Wextra -Wno-missing-field-initializers -Wwrite-strings -Wundef -Wbad-function-cast -Wcast-align -Wcast-qual -Wdeclaration-after-statement -Wpointer-arith -ffast-math -Wno-unused -Wno-switch -Wno-sign-compare -Wno-pointer-sign -O2 -fomit-frame-pointer -D_LARGEFILE_SOURCE -D_LARGEFILE64_SOURCE -D_FILE_OFFSET_BITS=64 conftest.c >&5
configure:4819: $? = 0
configure:4822: result: yes
configure:4835: checking for an ANSI C-conforming const
configure:4901: /home/ninoh-fox/toolchain/output/host/usr/bin/mipsel-gcw0-linux-uclibc-gcc -c -D_LARGEFILE_SOURCE -D_LARGEFILE64_SOURCE -D_FILE_OFFSET_BITS=64  -pipe -O2  -Wall -Wextra -Wno-missing-field-initializers -Wwrite-strings -Wundef -Wbad-function-cast -Wcast-align -Wcast-qual -Wdeclaration-after-statement -Wpointer-arith -ffast-math -Wno-unused -Wno-switch -Wno-sign-compare -Wno-pointer-sign -O2 -fomit-frame-pointer -I$(top_srcdir)/src -D_LARGEFILE_SOURCE -D_LARGEFILE64_SOURCE -D_FILE_OFFSET_BITS=64 conftest.c >&5
conftest.c: In function 'main':
conftest.c:51:9: warning: cast discards 'const' qualifier from pointer target type [-Wcast-qual]
   ppc = (char**) pcpcc;
         ^
configure:4901: $? = 0
configure:4908: result: yes
configure:4916: checking for inline
configure:4932: /home/ninoh-fox/toolchain/output/host/usr/bin/mipsel-gcw0-linux-uclibc-gcc -c -D_LARGEFILE_SOURCE -D_LARGEFILE64_SOURCE -D_FILE_OFFSET_BITS=64  -pipe -O2  -Wall -Wextra -Wno-missing-field-initializers -Wwrite-strings -Wundef -Wbad-function-cast -Wcast-align -Wcast-qual -Wdeclaration-after-statement -Wpointer-arith -ffast-math -Wno-unused -Wno-switch -Wno-sign-compare -Wno-pointer-sign -O2 -fomit-frame-pointer -I$(top_srcdir)/src -D_LARGEFILE_SOURCE -D_LARGEFILE64_SOURCE -D_FILE_OFFSET_BITS=64 conftest.c >&5
configure:4932: $? = 0
configure:4940: result: inline
configure:5185: checking for uid_t in sys/types.h
configure:5204: result: yes
configure:5215: checking for size_t
configure:5215: /home/ninoh-fox/toolchain/output/host/usr/bin/mipsel-gcw0-linux-uclibc-gcc -c -D_LARGEFILE_SOURCE -D_LARGEFILE64_SOURCE -D_FILE_OFFSET_BITS=64  -pipe -O2  -Wall -Wextra -Wno-missing-field-initializers -Wwrite-strings -Wundef -Wbad-function-cast -Wcast-align -Wcast-qual -Wdeclaration-after-statement -Wpointer-arith -ffast-math -Wno-unused -Wno-switch -Wno-sign-compare -Wno-pointer-sign -O2 -fomit-frame-pointer -I$(top_srcdir)/src -D_LARGEFILE_SOURCE -D_LARGEFILE64_SOURCE -D_FILE_OFFSET_BITS=64 conftest.c >&5
configure:5215: $? = 0
configure:5215: /home/ninoh-fox/toolchain/output/host/usr/bin/mipsel-gcw0-linux-uclibc-gcc -c -D_LARGEFILE_SOURCE -D_LARGEFILE64_SOURCE -D_FILE_OFFSET_BITS=64  -pipe -O2  -Wall -Wextra -Wno-missing-field-initializers -Wwrite-strings -Wundef -Wbad-function-cast -Wcast-align -Wcast-qual -Wdeclaration-after-statement -Wpointer-arith -ffast-math -Wno-unused -Wno-switch -Wno-sign-compare -Wno-pointer-sign -O2 -fomit-frame-pointer -I$(top_srcdir)/src -D_LARGEFILE_SOURCE -D_LARGEFILE64_SOURCE -D_FILE_OFFSET_BITS=64 conftest.c >&5
conftest.c: In function 'main':
conftest.c:64:21: error: expected expression before ')' token
 if (sizeof ((size_t)))
                     ^
configure:5215: $? = 1
configure: failed program was:
| /* confdefs.h */
| #define PACKAGE_NAME "PrBoom-Plus"
| #define PACKAGE_TARNAME "prboom-plus"
| #define PACKAGE_VERSION "2.5.1.3"
| #define PACKAGE_STRING "PrBoom-Plus 2.5.1.3"
| #define PACKAGE_BUGREPORT ""
| #define PACKAGE_URL ""
| #define PACKAGE "prboom-plus"
| #define VERSION "2.5.1.3"
| #define DOOMWADDIR "/usr/share/games/doom"
| #define STDC_HEADERS 1
| #define HAVE_SYS_TYPES_H 1
| #define HAVE_SYS_STAT_H 1
| #define HAVE_STDLIB_H 1
| #define HAVE_STRING_H 1
| #define HAVE_MEMORY_H 1
| #define HAVE_STRINGS_H 1
| #define HAVE_INTTYPES_H 1
| #define HAVE_STDINT_H 1
| #define HAVE_UNISTD_H 1
| #define __EXTENSIONS__ 1
| #define _ALL_SOURCE 1
| #define _GNU_SOURCE 1
| #define _POSIX_PTHREAD_SEMANTICS 1
| #define _TANDEM_SOURCE 1
| #define PACKEDATTR __attribute__((packed))
| /* end confdefs.h.  */
| #include <stdio.h>
| #ifdef HAVE_SYS_TYPES_H
| # include <sys/types.h>
| #endif
| #ifdef HAVE_SYS_STAT_H
| # include <sys/stat.h>
| #endif
| #ifdef STDC_HEADERS
| # include <stdlib.h>
| # include <stddef.h>
| #else
| # ifdef HAVE_STDLIB_H
| #  include <stdlib.h>
| # endif
| #endif
| #ifdef HAVE_STRING_H
| # if !defined STDC_HEADERS && defined HAVE_MEMORY_H
| #  include <memory.h>
| # endif
| # include <string.h>
| #endif
| #ifdef HAVE_STRINGS_H
| # include <strings.h>
| #endif
| #ifdef HAVE_INTTYPES_H
| # include <inttypes.h>
| #endif
| #ifdef HAVE_STDINT_H
| # include <stdint.h>
| #endif
| #ifdef HAVE_UNISTD_H
| # include <unistd.h>
| #endif
| int
| main ()
| {
| if (sizeof ((size_t)))
| 	    return 0;
|   ;
|   return 0;
| }
configure:5215: result: yes
configure:5226: checking whether sys_siglist is declared
configure:5226: /home/ninoh-fox/toolchain/output/host/usr/bin/mipsel-gcw0-linux-uclibc-gcc -c -D_LARGEFILE_SOURCE -D_LARGEFILE64_SOURCE -D_FILE_OFFSET_BITS=64  -pipe -O2  -Wall -Wextra -Wno-missing-field-initializers -Wwrite-strings -Wundef -Wbad-function-cast -Wcast-align -Wcast-qual -Wdeclaration-after-statement -Wpointer-arith -ffast-math -Wno-unused -Wno-switch -Wno-sign-compare -Wno-pointer-sign -O2 -fomit-frame-pointer -I$(top_srcdir)/src -D_LARGEFILE_SOURCE -D_LARGEFILE64_SOURCE -D_FILE_OFFSET_BITS=64 conftest.c >&5
conftest.c: In function 'main':
conftest.c:42:10: error: 'sys_siglist' undeclared (first use in this function)
   (void) sys_siglist;
          ^
conftest.c:42:10: note: each undeclared identifier is reported only once for each function it appears in
configure:5226: $? = 1
configure: failed program was:
| /* confdefs.h */
| #define PACKAGE_NAME "PrBoom-Plus"
| #define PACKAGE_TARNAME "prboom-plus"
| #define PACKAGE_VERSION "2.5.1.3"
| #define PACKAGE_STRING "PrBoom-Plus 2.5.1.3"
| #define PACKAGE_BUGREPORT ""
| #define PACKAGE_URL ""
| #define PACKAGE "prboom-plus"
| #define VERSION "2.5.1.3"
| #define DOOMWADDIR "/usr/share/games/doom"
| #define STDC_HEADERS 1
| #define HAVE_SYS_TYPES_H 1
| #define HAVE_SYS_STAT_H 1
| #define HAVE_STDLIB_H 1
| #define HAVE_STRING_H 1
| #define HAVE_MEMORY_H 1
| #define HAVE_STRINGS_H 1
| #define HAVE_INTTYPES_H 1
| #define HAVE_STDINT_H 1
| #define HAVE_UNISTD_H 1
| #define __EXTENSIONS__ 1
| #define _ALL_SOURCE 1
| #define _GNU_SOURCE 1
| #define _POSIX_PTHREAD_SEMANTICS 1
| #define _TANDEM_SOURCE 1
| #define PACKEDATTR __attribute__((packed))
| /* end confdefs.h.  */
| #include <signal.h>
| /* NetBSD declares sys_siglist in unistd.h.  */
| #ifdef HAVE_UNISTD_H
| # include <unistd.h>
| #endif
| 
| 
| int
| main ()
| {
| #ifndef sys_siglist
| #ifdef __cplusplus
|   (void) sys_siglist;
| #else
|   (void) sys_siglist;
| #endif
| #endif
| 
|   ;
|   return 0;
| }
configure:5226: result: no
configure:5244: checking for sys/wait.h that is POSIX.1 compatible
configure:5270: /home/ninoh-fox/toolchain/output/host/usr/bin/mipsel-gcw0-linux-uclibc-gcc -c -D_LARGEFILE_SOURCE -D_LARGEFILE64_SOURCE -D_FILE_OFFSET_BITS=64  -pipe -O2  -Wall -Wextra -Wno-missing-field-initializers -Wwrite-strings -Wundef -Wbad-function-cast -Wcast-align -Wcast-qual -Wdeclaration-after-statement -Wpointer-arith -ffast-math -Wno-unused -Wno-switch -Wno-sign-compare -Wno-pointer-sign -O2 -fomit-frame-pointer -I$(top_srcdir)/src -D_LARGEFILE_SOURCE -D_LARGEFILE64_SOURCE -D_FILE_OFFSET_BITS=64 conftest.c >&5
configure:5270: $? = 0
configure:5277: result: yes
configure:5288: checking for unistd.h
configure:5288: result: yes
configure:5288: checking asm/byteorder.h usability
configure:5288: /home/ninoh-fox/toolchain/output/host/usr/bin/mipsel-gcw0-linux-uclibc-gcc -c -D_LARGEFILE_SOURCE -D_LARGEFILE64_SOURCE -D_FILE_OFFSET_BITS=64  -pipe -O2  -Wall -Wextra -Wno-missing-field-initializers -Wwrite-strings -Wundef -Wbad-function-cast -Wcast-align -Wcast-qual -Wdeclaration-after-statement -Wpointer-arith -ffast-math -Wno-unused -Wno-switch -Wno-sign-compare -Wno-pointer-sign -O2 -fomit-frame-pointer -I$(top_srcdir)/src -D_LARGEFILE_SOURCE -D_LARGEFILE64_SOURCE -D_FILE_OFFSET_BITS=64 conftest.c >&5
configure:5288: $? = 0
configure:5288: result: yes
configure:5288: checking asm/byteorder.h presence
configure:5288: /home/ninoh-fox/toolchain/output/host/usr/bin/mipsel-gcw0-linux-uclibc-cpp -D_LARGEFILE_SOURCE -D_LARGEFILE64_SOURCE -D_FILE_OFFSET_BITS=64 conftest.c
configure:5288: $? = 0
configure:5288: result: yes
configure:5288: checking for asm/byteorder.h
configure:5288: result: yes
configure:5288: checking sched.h usability
configure:5288: /home/ninoh-fox/toolchain/output/host/usr/bin/mipsel-gcw0-linux-uclibc-gcc -c -D_LARGEFILE_SOURCE -D_LARGEFILE64_SOURCE -D_FILE_OFFSET_BITS=64  -pipe -O2  -Wall -Wextra -Wno-missing-field-initializers -Wwrite-strings -Wundef -Wbad-function-cast -Wcast-align -Wcast-qual -Wdeclaration-after-statement -Wpointer-arith -ffast-math -Wno-unused -Wno-switch -Wno-sign-compare -Wno-pointer-sign -O2 -fomit-frame-pointer -I$(top_srcdir)/src -D_LARGEFILE_SOURCE -D_LARGEFILE64_SOURCE -D_FILE_OFFSET_BITS=64 conftest.c >&5
configure:5288: $? = 0
configure:5288: result: yes
configure:5288: checking sched.h presence
configure:5288: /home/ninoh-fox/toolchain/output/host/usr/bin/mipsel-gcw0-linux-uclibc-cpp -D_LARGEFILE_SOURCE -D_LARGEFILE64_SOURCE -D_FILE_OFFSET_BITS=64 conftest.c
configure:5288: $? = 0
configure:5288: result: yes
configure:5288: checking for sched.h
configure:5288: result: yes
configure:5299: checking for stricmp
configure:5299: /home/ninoh-fox/toolchain/output/host/usr/bin/mipsel-gcw0-linux-uclibc-gcc -o conftest -D_LARGEFILE_SOURCE -D_LARGEFILE64_SOURCE -D_FILE_OFFSET_BITS=64  -pipe -O2  -Wall -Wextra -Wno-missing-field-initializers -Wwrite-strings -Wundef -Wbad-function-cast -Wcast-align -Wcast-qual -Wdeclaration-after-statement -Wpointer-arith -ffast-math -Wno-unused -Wno-switch -Wno-sign-compare -Wno-pointer-sign -O2 -fomit-frame-pointer -I$(top_srcdir)/src -D_LARGEFILE_SOURCE -D_LARGEFILE64_SOURCE -D_FILE_OFFSET_BITS=64  conftest.c  >&5
/tmp/ccj3KOGL.o: In function `main':
conftest.c:(.text.startup+0x14): undefined reference to `stricmp'
conftest.c:(.text.startup+0x18): undefined reference to `stricmp'
collect2: error: ld returned 1 exit status
configure:5299: $? = 1
configure: failed program was:
| /* confdefs.h */
| #define PACKAGE_NAME "PrBoom-Plus"
| #define PACKAGE_TARNAME "prboom-plus"
| #define PACKAGE_VERSION "2.5.1.3"
| #define PACKAGE_STRING "PrBoom-Plus 2.5.1.3"
| #define PACKAGE_BUGREPORT ""
| #define PACKAGE_URL ""
| #define PACKAGE "prboom-plus"
| #define VERSION "2.5.1.3"
| #define DOOMWADDIR "/usr/share/games/doom"
| #define STDC_HEADERS 1
| #define HAVE_SYS_TYPES_H 1
| #define HAVE_SYS_STAT_H 1
| #define HAVE_STDLIB_H 1
| #define HAVE_STRING_H 1
| #define HAVE_MEMORY_H 1
| #define HAVE_STRINGS_H 1
| #define HAVE_INTTYPES_H 1
| #define HAVE_STDINT_H 1
| #define HAVE_UNISTD_H 1
| #define __EXTENSIONS__ 1
| #define _ALL_SOURCE 1
| #define _GNU_SOURCE 1
| #define _POSIX_PTHREAD_SEMANTICS 1
| #define _TANDEM_SOURCE 1
| #define PACKEDATTR __attribute__((packed))
| #define HAVE_DECL_SYS_SIGLIST 0
| #define HAVE_SYS_WAIT_H 1
| #define HAVE_UNISTD_H 1
| #define HAVE_ASM_BYTEORDER_H 1
| #define HAVE_SCHED_H 1
| /* end confdefs.h.  */
| /* Define stricmp to an innocuous variant, in case <limits.h> declares stricmp.
|    For example, HP-UX 11i <limits.h> declares gettimeofday.  */
| #define stricmp innocuous_stricmp
| 
| /* System header to define __stub macros and hopefully few prototypes,
|     which can conflict with char stricmp (); below.
|     Prefer <limits.h> to <assert.h> if __STDC__ is defined, since
|     <limits.h> exists even on freestanding compilers.  */
| 
| #ifdef __STDC__
| # include <limits.h>
| #else
| # include <assert.h>
| #endif
| 
| #undef stricmp
| 
| /* Override any GCC internal prototype to avoid an error.
|    Use char because int might match the return type of a GCC
|    builtin and then its argument prototype would still apply.  */
| #ifdef __cplusplus
| extern "C"
| #endif
| char stricmp ();
| /* The GNU C library defines this for functions which it implements
|     to always fail with ENOSYS.  Some functions are actually named
|     something starting with __ and the normal name is an alias.  */
| #if defined __stub_stricmp || defined __stub___stricmp
| choke me
| #endif
| 
| int
| main ()
| {
| return stricmp ();
|   ;
|   return 0;
| }
configure:5299: result: no
configure:5308: checking for strnicmp
configure:5308: /home/ninoh-fox/toolchain/output/host/usr/bin/mipsel-gcw0-linux-uclibc-gcc -o conftest -D_LARGEFILE_SOURCE -D_LARGEFILE64_SOURCE -D_FILE_OFFSET_BITS=64  -pipe -O2  -Wall -Wextra -Wno-missing-field-initializers -Wwrite-strings -Wundef -Wbad-function-cast -Wcast-align -Wcast-qual -Wdeclaration-after-statement -Wpointer-arith -ffast-math -Wno-unused -Wno-switch -Wno-sign-compare -Wno-pointer-sign -O2 -fomit-frame-pointer -I$(top_srcdir)/src -D_LARGEFILE_SOURCE -D_LARGEFILE64_SOURCE -D_FILE_OFFSET_BITS=64  conftest.c  >&5
/tmp/ccug9MFR.o: In function `main':
conftest.c:(.text.startup+0x14): undefined reference to `strnicmp'
conftest.c:(.text.startup+0x18): undefined reference to `strnicmp'
collect2: error: ld returned 1 exit status
configure:5308: $? = 1
configure: failed program was:
| /* confdefs.h */
| #define PACKAGE_NAME "PrBoom-Plus"
| #define PACKAGE_TARNAME "prboom-plus"
| #define PACKAGE_VERSION "2.5.1.3"
| #define PACKAGE_STRING "PrBoom-Plus 2.5.1.3"
| #define PACKAGE_BUGREPORT ""
| #define PACKAGE_URL ""
| #define PACKAGE "prboom-plus"
| #define VERSION "2.5.1.3"
| #define DOOMWADDIR "/usr/share/games/doom"
| #define STDC_HEADERS 1
| #define HAVE_SYS_TYPES_H 1
| #define HAVE_SYS_STAT_H 1
| #define HAVE_STDLIB_H 1
| #define HAVE_STRING_H 1
| #define HAVE_MEMORY_H 1
| #define HAVE_STRINGS_H 1
| #define HAVE_INTTYPES_H 1
| #define HAVE_STDINT_H 1
| #define HAVE_UNISTD_H 1
| #define __EXTENSIONS__ 1
| #define _ALL_SOURCE 1
| #define _GNU_SOURCE 1
| #define _POSIX_PTHREAD_SEMANTICS 1
| #define _TANDEM_SOURCE 1
| #define PACKEDATTR __attribute__((packed))
| #define HAVE_DECL_SYS_SIGLIST 0
| #define HAVE_SYS_WAIT_H 1
| #define HAVE_UNISTD_H 1
| #define HAVE_ASM_BYTEORDER_H 1
| #define HAVE_SCHED_H 1
| #define stricmp strcasecmp
| /* end confdefs.h.  */
| /* Define strnicmp to an innocuous variant, in case <limits.h> declares strnicmp.
|    For example, HP-UX 11i <limits.h> declares gettimeofday.  */
| #define strnicmp innocuous_strnicmp
| 
| /* System header to define __stub macros and hopefully few prototypes,
|     which can conflict with char strnicmp (); below.
|     Prefer <limits.h> to <assert.h> if __STDC__ is defined, since
|     <limits.h> exists even on freestanding compilers.  */
| 
| #ifdef __STDC__
| # include <limits.h>
| #else
| # include <assert.h>
| #endif
| 
| #undef strnicmp
| 
| /* Override any GCC internal prototype to avoid an error.
|    Use char because int might match the return type of a GCC
|    builtin and then its argument prototype would still apply.  */
| #ifdef __cplusplus
| extern "C"
| #endif
| char strnicmp ();
| /* The GNU C library defines this for functions which it implements
|     to always fail with ENOSYS.  Some functions are actually named
|     something starting with __ and the normal name is an alias.  */
| #if defined __stub_strnicmp || defined __stub___strnicmp
| choke me
| #endif
| 
| int
| main ()
| {
| return strnicmp ();
|   ;
|   return 0;
| }
configure:5308: result: no
configure:5317: checking for min
configure:5317: /home/ninoh-fox/toolchain/output/host/usr/bin/mipsel-gcw0-linux-uclibc-gcc -o conftest -D_LARGEFILE_SOURCE -D_LARGEFILE64_SOURCE -D_FILE_OFFSET_BITS=64  -pipe -O2  -Wall -Wextra -Wno-missing-field-initializers -Wwrite-strings -Wundef -Wbad-function-cast -Wcast-align -Wcast-qual -Wdeclaration-after-statement -Wpointer-arith -ffast-math -Wno-unused -Wno-switch -Wno-sign-compare -Wno-pointer-sign -O2 -fomit-frame-pointer -I$(top_srcdir)/src -D_LARGEFILE_SOURCE -D_LARGEFILE64_SOURCE -D_FILE_OFFSET_BITS=64  conftest.c  >&5
/tmp/ccGINis2.o: In function `main':
conftest.c:(.text.startup+0x14): undefined reference to `min'
conftest.c:(.text.startup+0x18): undefined reference to `min'
collect2: error: ld returned 1 exit status
configure:5317: $? = 1
configure: failed program was:
| /* confdefs.h */
| #define PACKAGE_NAME "PrBoom-Plus"
| #define PACKAGE_TARNAME "prboom-plus"
| #define PACKAGE_VERSION "2.5.1.3"
| #define PACKAGE_STRING "PrBoom-Plus 2.5.1.3"
| #define PACKAGE_BUGREPORT ""
| #define PACKAGE_URL ""
| #define PACKAGE "prboom-plus"
| #define VERSION "2.5.1.3"
| #define DOOMWADDIR "/usr/share/games/doom"
| #define STDC_HEADERS 1
| #define HAVE_SYS_TYPES_H 1
| #define HAVE_SYS_STAT_H 1
| #define HAVE_STDLIB_H 1
| #define HAVE_STRING_H 1
| #define HAVE_MEMORY_H 1
| #define HAVE_STRINGS_H 1
| #define HAVE_INTTYPES_H 1
| #define HAVE_STDINT_H 1
| #define HAVE_UNISTD_H 1
| #define __EXTENSIONS__ 1
| #define _ALL_SOURCE 1
| #define _GNU_SOURCE 1
| #define _POSIX_PTHREAD_SEMANTICS 1
| #define _TANDEM_SOURCE 1
| #define PACKEDATTR __attribute__((packed))
| #define HAVE_DECL_SYS_SIGLIST 0
| #define HAVE_SYS_WAIT_H 1
| #define HAVE_UNISTD_H 1
| #define HAVE_ASM_BYTEORDER_H 1
| #define HAVE_SCHED_H 1
| #define stricmp strcasecmp
| #define strnicmp strncasecmp
| /* end confdefs.h.  */
| /* Define min to an innocuous variant, in case <limits.h> declares min.
|    For example, HP-UX 11i <limits.h> declares gettimeofday.  */
| #define min innocuous_min
| 
| /* System header to define __stub macros and hopefully few prototypes,
|     which can conflict with char min (); below.
|     Prefer <limits.h> to <assert.h> if __STDC__ is defined, since
|     <limits.h> exists even on freestanding compilers.  */
| 
| #ifdef __STDC__
| # include <limits.h>
| #else
| # include <assert.h>
| #endif
| 
| #undef min
| 
| /* Override any GCC internal prototype to avoid an error.
|    Use char because int might match the return type of a GCC
|    builtin and then its argument prototype would still apply.  */
| #ifdef __cplusplus
| extern "C"
| #endif
| char min ();
| /* The GNU C library defines this for functions which it implements
|     to always fail with ENOSYS.  Some functions are actually named
|     something starting with __ and the normal name is an alias.  */
| #if defined __stub_min || defined __stub___min
| choke me
| #endif
| 
| int
| main ()
| {
| return min ();
|   ;
|   return 0;
| }
configure:5317: result: no
configure:5324: checking for max
configure:5324: /home/ninoh-fox/toolchain/output/host/usr/bin/mipsel-gcw0-linux-uclibc-gcc -o conftest -D_LARGEFILE_SOURCE -D_LARGEFILE64_SOURCE -D_FILE_OFFSET_BITS=64  -pipe -O2  -Wall -Wextra -Wno-missing-field-initializers -Wwrite-strings -Wundef -Wbad-function-cast -Wcast-align -Wcast-qual -Wdeclaration-after-statement -Wpointer-arith -ffast-math -Wno-unused -Wno-switch -Wno-sign-compare -Wno-pointer-sign -O2 -fomit-frame-pointer -I$(top_srcdir)/src -D_LARGEFILE_SOURCE -D_LARGEFILE64_SOURCE -D_FILE_OFFSET_BITS=64  conftest.c  >&5
/tmp/cck13Bp1.o: In function `main':
conftest.c:(.text.startup+0x14): undefined reference to `max'
conftest.c:(.text.startup+0x18): undefined reference to `max'
collect2: error: ld returned 1 exit status
configure:5324: $? = 1
configure: failed program was:
| /* confdefs.h */
| #define PACKAGE_NAME "PrBoom-Plus"
| #define PACKAGE_TARNAME "prboom-plus"
| #define PACKAGE_VERSION "2.5.1.3"
| #define PACKAGE_STRING "PrBoom-Plus 2.5.1.3"
| #define PACKAGE_BUGREPORT ""
| #define PACKAGE_URL ""
| #define PACKAGE "prboom-plus"
| #define VERSION "2.5.1.3"
| #define DOOMWADDIR "/usr/share/games/doom"
| #define STDC_HEADERS 1
| #define HAVE_SYS_TYPES_H 1
| #define HAVE_SYS_STAT_H 1
| #define HAVE_STDLIB_H 1
| #define HAVE_STRING_H 1
| #define HAVE_MEMORY_H 1
| #define HAVE_STRINGS_H 1
| #define HAVE_INTTYPES_H 1
| #define HAVE_STDINT_H 1
| #define HAVE_UNISTD_H 1
| #define __EXTENSIONS__ 1
| #define _ALL_SOURCE 1
| #define _GNU_SOURCE 1
| #define _POSIX_PTHREAD_SEMANTICS 1
| #define _TANDEM_SOURCE 1
| #define PACKEDATTR __attribute__((packed))
| #define HAVE_DECL_SYS_SIGLIST 0
| #define HAVE_SYS_WAIT_H 1
| #define HAVE_UNISTD_H 1
| #define HAVE_ASM_BYTEORDER_H 1
| #define HAVE_SCHED_H 1
| #define stricmp strcasecmp
| #define strnicmp strncasecmp
| /* end confdefs.h.  */
| /* Define max to an innocuous variant, in case <limits.h> declares max.
|    For example, HP-UX 11i <limits.h> declares gettimeofday.  */
| #define max innocuous_max
| 
| /* System header to define __stub macros and hopefully few prototypes,
|     which can conflict with char max (); below.
|     Prefer <limits.h> to <assert.h> if __STDC__ is defined, since
|     <limits.h> exists even on freestanding compilers.  */
| 
| #ifdef __STDC__
| # include <limits.h>
| #else
| # include <assert.h>
| #endif
| 
| #undef max
| 
| /* Override any GCC internal prototype to avoid an error.
|    Use char because int might match the return type of a GCC
|    builtin and then its argument prototype would still apply.  */
| #ifdef __cplusplus
| extern "C"
| #endif
| char max ();
| /* The GNU C library defines this for functions which it implements
|     to always fail with ENOSYS.  Some functions are actually named
|     something starting with __ and the normal name is an alias.  */
| #if defined __stub_max || defined __stub___max
| choke me
| #endif
| 
| int
| main ()
| {
| return max ();
|   ;
|   return 0;
| }
configure:5324: result: no
configure:5334: checking for getopt
configure:5334: /home/ninoh-fox/toolchain/output/host/usr/bin/mipsel-gcw0-linux-uclibc-gcc -o conftest -D_LARGEFILE_SOURCE -D_LARGEFILE64_SOURCE -D_FILE_OFFSET_BITS=64  -pipe -O2  -Wall -Wextra -Wno-missing-field-initializers -Wwrite-strings -Wundef -Wbad-function-cast -Wcast-align -Wcast-qual -Wdeclaration-after-statement -Wpointer-arith -ffast-math -Wno-unused -Wno-switch -Wno-sign-compare -Wno-pointer-sign -O2 -fomit-frame-pointer -I$(top_srcdir)/src -D_LARGEFILE_SOURCE -D_LARGEFILE64_SOURCE -D_FILE_OFFSET_BITS=64  conftest.c  >&5
configure:5334: $? = 0
configure:5334: result: yes
configure:5334: checking for inet_aton
configure:5334: /home/ninoh-fox/toolchain/output/host/usr/bin/mipsel-gcw0-linux-uclibc-gcc -o conftest -D_LARGEFILE_SOURCE -D_LARGEFILE64_SOURCE -D_FILE_OFFSET_BITS=64  -pipe -O2  -Wall -Wextra -Wno-missing-field-initializers -Wwrite-strings -Wundef -Wbad-function-cast -Wcast-align -Wcast-qual -Wdeclaration-after-statement -Wpointer-arith -ffast-math -Wno-unused -Wno-switch -Wno-sign-compare -Wno-pointer-sign -O2 -fomit-frame-pointer -I$(top_srcdir)/src -D_LARGEFILE_SOURCE -D_LARGEFILE64_SOURCE -D_FILE_OFFSET_BITS=64  conftest.c  >&5
configure:5334: $? = 0
configure:5334: result: yes
configure:5334: checking for inet_pton
configure:5334: /home/ninoh-fox/toolchain/output/host/usr/bin/mipsel-gcw0-linux-uclibc-gcc -o conftest -D_LARGEFILE_SOURCE -D_LARGEFILE64_SOURCE -D_FILE_OFFSET_BITS=64  -pipe -O2  -Wall -Wextra -Wno-missing-field-initializers -Wwrite-strings -Wundef -Wbad-function-cast -Wcast-align -Wcast-qual -Wdeclaration-after-statement -Wpointer-arith -ffast-math -Wno-unused -Wno-switch -Wno-sign-compare -Wno-pointer-sign -O2 -fomit-frame-pointer -I$(top_srcdir)/src -D_LARGEFILE_SOURCE -D_LARGEFILE64_SOURCE -D_FILE_OFFSET_BITS=64  conftest.c  >&5
configure:5334: $? = 0
configure:5334: result: yes
configure:5334: checking for inet_ntop
configure:5334: /home/ninoh-fox/toolchain/output/host/usr/bin/mipsel-gcw0-linux-uclibc-gcc -o conftest -D_LARGEFILE_SOURCE -D_LARGEFILE64_SOURCE -D_FILE_OFFSET_BITS=64  -pipe -O2  -Wall -Wextra -Wno-missing-field-initializers -Wwrite-strings -Wundef -Wbad-function-cast -Wcast-align -Wcast-qual -Wdeclaration-after-statement -Wpointer-arith -ffast-math -Wno-unused -Wno-switch -Wno-sign-compare -Wno-pointer-sign -O2 -fomit-frame-pointer -I$(top_srcdir)/src -D_LARGEFILE_SOURCE -D_LARGEFILE64_SOURCE -D_FILE_OFFSET_BITS=64  conftest.c  >&5
configure:5334: $? = 0
configure:5334: result: yes
configure:5334: checking for snprintf
configure:5334: /home/ninoh-fox/toolchain/output/host/usr/bin/mipsel-gcw0-linux-uclibc-gcc -o conftest -D_LARGEFILE_SOURCE -D_LARGEFILE64_SOURCE -D_FILE_OFFSET_BITS=64  -pipe -O2  -Wall -Wextra -Wno-missing-field-initializers -Wwrite-strings -Wundef -Wbad-function-cast -Wcast-align -Wcast-qual -Wdeclaration-after-statement -Wpointer-arith -ffast-math -Wno-unused -Wno-switch -Wno-sign-compare -Wno-pointer-sign -O2 -fomit-frame-pointer -I$(top_srcdir)/src -D_LARGEFILE_SOURCE -D_LARGEFILE64_SOURCE -D_FILE_OFFSET_BITS=64  conftest.c  >&5
conftest.c:62:6: warning: conflicting types for built-in function 'snprintf'
 char snprintf ();
      ^
configure:5334: $? = 0
configure:5334: result: yes
configure:5334: checking for vsnprintf
configure:5334: /home/ninoh-fox/toolchain/output/host/usr/bin/mipsel-gcw0-linux-uclibc-gcc -o conftest -D_LARGEFILE_SOURCE -D_LARGEFILE64_SOURCE -D_FILE_OFFSET_BITS=64  -pipe -O2  -Wall -Wextra -Wno-missing-field-initializers -Wwrite-strings -Wundef -Wbad-function-cast -Wcast-align -Wcast-qual -Wdeclaration-after-statement -Wpointer-arith -ffast-math -Wno-unused -Wno-switch -Wno-sign-compare -Wno-pointer-sign -O2 -fomit-frame-pointer -I$(top_srcdir)/src -D_LARGEFILE_SOURCE -D_LARGEFILE64_SOURCE -D_FILE_OFFSET_BITS=64  conftest.c  >&5
conftest.c:63:6: warning: conflicting types for built-in function 'vsnprintf'
 char vsnprintf ();
      ^
configure:5334: $? = 0
configure:5334: result: yes
configure:5334: checking for mmap
configure:5334: /home/ninoh-fox/toolchain/output/host/usr/bin/mipsel-gcw0-linux-uclibc-gcc -o conftest -D_LARGEFILE_SOURCE -D_LARGEFILE64_SOURCE -D_FILE_OFFSET_BITS=64  -pipe -O2  -Wall -Wextra -Wno-missing-field-initializers -Wwrite-strings -Wundef -Wbad-function-cast -Wcast-align -Wcast-qual -Wdeclaration-after-statement -Wpointer-arith -ffast-math -Wno-unused -Wno-switch -Wno-sign-compare -Wno-pointer-sign -O2 -fomit-frame-pointer -I$(top_srcdir)/src -D_LARGEFILE_SOURCE -D_LARGEFILE64_SOURCE -D_FILE_OFFSET_BITS=64  conftest.c  >&5
configure:5334: $? = 0
configure:5334: result: yes
configure:5334: checking for usleep
configure:5334: /home/ninoh-fox/toolchain/output/host/usr/bin/mipsel-gcw0-linux-uclibc-gcc -o conftest -D_LARGEFILE_SOURCE -D_LARGEFILE64_SOURCE -D_FILE_OFFSET_BITS=64  -pipe -O2  -Wall -Wextra -Wno-missing-field-initializers -Wwrite-strings -Wundef -Wbad-function-cast -Wcast-align -Wcast-qual -Wdeclaration-after-statement -Wpointer-arith -ffast-math -Wno-unused -Wno-switch -Wno-sign-compare -Wno-pointer-sign -O2 -fomit-frame-pointer -I$(top_srcdir)/src -D_LARGEFILE_SOURCE -D_LARGEFILE64_SOURCE -D_FILE_OFFSET_BITS=64  conftest.c  >&5
configure:5334: $? = 0
configure:5334: result: yes
configure:5334: checking for sched_setaffinity
configure:5334: /home/ninoh-fox/toolchain/output/host/usr/bin/mipsel-gcw0-linux-uclibc-gcc -o conftest -D_LARGEFILE_SOURCE -D_LARGEFILE64_SOURCE -D_FILE_OFFSET_BITS=64  -pipe -O2  -Wall -Wextra -Wno-missing-field-initializers -Wwrite-strings -Wundef -Wbad-function-cast -Wcast-align -Wcast-qual -Wdeclaration-after-statement -Wpointer-arith -ffast-math -Wno-unused -Wno-switch -Wno-sign-compare -Wno-pointer-sign -O2 -fomit-frame-pointer -I$(top_srcdir)/src -D_LARGEFILE_SOURCE -D_LARGEFILE64_SOURCE -D_FILE_OFFSET_BITS=64  conftest.c  >&5
configure:5334: $? = 0
configure:5334: result: yes
configure:5344: checking for pow in -lm
configure:5369: /home/ninoh-fox/toolchain/output/host/usr/bin/mipsel-gcw0-linux-uclibc-gcc -o conftest -D_LARGEFILE_SOURCE -D_LARGEFILE64_SOURCE -D_FILE_OFFSET_BITS=64  -pipe -O2  -Wall -Wextra -Wno-missing-field-initializers -Wwrite-strings -Wundef -Wbad-function-cast -Wcast-align -Wcast-qual -Wdeclaration-after-statement -Wpointer-arith -ffast-math -Wno-unused -Wno-switch -Wno-sign-compare -Wno-pointer-sign -O2 -fomit-frame-pointer -I$(top_srcdir)/src -D_LARGEFILE_SOURCE -D_LARGEFILE64_SOURCE -D_FILE_OFFSET_BITS=64  conftest.c -lm   >&5
conftest.c:51:6: warning: conflicting types for built-in function 'pow'
 char pow ();
      ^
configure:5369: $? = 0
configure:5378: result: yes
configure:5511: checking for sdl-config
configure:5542: result: /home/ninoh-fox/toolchain/output/host/usr/mipsel-gcw0-linux-uclibc/sysroot/usr/bin/sdl-config
configure:5552: checking for SDL - version >= 1.1.3
configure:5654: result: yes
configure:5734: checking for SDL_JoystickGetAxis
configure:5734: /home/ninoh-fox/toolchain/output/host/usr/bin/mipsel-gcw0-linux-uclibc-gcc -o conftest -D_LARGEFILE_SOURCE -D_LARGEFILE64_SOURCE -D_FILE_OFFSET_BITS=64  -pipe -O2  -Wall -Wextra -Wno-missing-field-initializers -Wwrite-strings -Wundef -Wbad-function-cast -Wcast-align -Wcast-qual -Wdeclaration-after-statement -Wpointer-arith -ffast-math -Wno-unused -Wno-switch -Wno-sign-compare -Wno-pointer-sign -O2 -fomit-frame-pointer -I$(top_srcdir)/src -D_LARGEFILE_SOURCE -D_LARGEFILE64_SOURCE -D_FILE_OFFSET_BITS=64  conftest.c -lm  -L/home/ninoh-fox/toolchain/output/host/usr/mipsel-gcw0-linux-uclibc/sysroot/usr/lib -lSDL -lpthread >&5
configure:5734: $? = 0
configure:5734: result: yes
configure:5754: checking for Mix_OpenAudio in -lSDL_mixer
configure:5779: /home/ninoh-fox/toolchain/output/host/usr/bin/mipsel-gcw0-linux-uclibc-gcc -o conftest -D_LARGEFILE_SOURCE -D_LARGEFILE64_SOURCE -D_FILE_OFFSET_BITS=64  -pipe -O2  -Wall -Wextra -Wno-missing-field-initializers -Wwrite-strings -Wundef -Wbad-function-cast -Wcast-align -Wcast-qual -Wdeclaration-after-statement -Wpointer-arith -ffast-math -Wno-unused -Wno-switch -Wno-sign-compare -Wno-pointer-sign -O2 -fomit-frame-pointer -I$(top_srcdir)/src -D_LARGEFILE_SOURCE -D_LARGEFILE64_SOURCE -D_FILE_OFFSET_BITS=64  conftest.c -lSDL_mixer -L/home/ninoh-fox/toolchain/output/host/usr/mipsel-gcw0-linux-uclibc/sysroot/usr/lib -lSDL -lpthread  -lm  >&5
configure:5779: $? = 0
configure:5788: result: yes
configure:5815: checking for SDLNet_UDP_Bind in -lSDL_net
configure:5840: /home/ninoh-fox/toolchain/output/host/usr/bin/mipsel-gcw0-linux-uclibc-gcc -o conftest -D_LARGEFILE_SOURCE -D_LARGEFILE64_SOURCE -D_FILE_OFFSET_BITS=64  -pipe -O2  -Wall -Wextra -Wno-missing-field-initializers -Wwrite-strings -Wundef -Wbad-function-cast -Wcast-align -Wcast-qual -Wdeclaration-after-statement -Wpointer-arith -ffast-math -Wno-unused -Wno-switch -Wno-sign-compare -Wno-pointer-sign -O2 -fomit-frame-pointer -I$(top_srcdir)/src -D_LARGEFILE_SOURCE -D_LARGEFILE64_SOURCE -D_FILE_OFFSET_BITS=64  conftest.c -lSDL_net -L/home/ninoh-fox/toolchain/output/host/usr/mipsel-gcw0-linux-uclibc/sysroot/usr/lib -lSDL -lpthread -lSDL_mixer -lm  >&5
configure:5840: $? = 0
configure:5849: result: yes
configure:5882: /home/ninoh-fox/toolchain/output/host/usr/bin/mipsel-gcw0-linux-uclibc-gcc -c -D_LARGEFILE_SOURCE -D_LARGEFILE64_SOURCE -D_FILE_OFFSET_BITS=64  -pipe -O2  -Wall -Wextra -Wno-missing-field-initializers -Wwrite-strings -Wundef -Wbad-function-cast -Wcast-align -Wcast-qual -Wdeclaration-after-statement -Wpointer-arith -ffast-math -Wno-unused -Wno-switch -Wno-sign-compare -Wno-pointer-sign -O2 -fomit-frame-pointer -I$(top_srcdir)/src -I/home/ninoh-fox/toolchain/output/host/usr/mipsel-gcw0-linux-uclibc/sysroot/usr/include/SDL -D_GNU_SOURCE=1 -D_REENTRANT -D_LARGEFILE_SOURCE -D_LARGEFILE64_SOURCE -D_FILE_OFFSET_BITS=64 conftest.c >&5
conftest.c: In function 'main':
conftest.c:58:27: error: 'UDPpacket' has no member named 'src'
           int n = sizeof(p->src);
                           ^
configure:5882: $? = 1
configure: failed program was:
| /* confdefs.h */
| #define PACKAGE_NAME "PrBoom-Plus"
| #define PACKAGE_TARNAME "prboom-plus"
| #define PACKAGE_VERSION "2.5.1.3"
| #define PACKAGE_STRING "PrBoom-Plus 2.5.1.3"
| #define PACKAGE_BUGREPORT ""
| #define PACKAGE_URL ""
| #define PACKAGE "prboom-plus"
| #define VERSION "2.5.1.3"
| #define DOOMWADDIR "/usr/share/games/doom"
| #define STDC_HEADERS 1
| #define HAVE_SYS_TYPES_H 1
| #define HAVE_SYS_STAT_H 1
| #define HAVE_STDLIB_H 1
| #define HAVE_STRING_H 1
| #define HAVE_MEMORY_H 1
| #define HAVE_STRINGS_H 1
| #define HAVE_INTTYPES_H 1
| #define HAVE_STDINT_H 1
| #define HAVE_UNISTD_H 1
| #define __EXTENSIONS__ 1
| #define _ALL_SOURCE 1
| #define _GNU_SOURCE 1
| #define _POSIX_PTHREAD_SEMANTICS 1
| #define _TANDEM_SOURCE 1
| #define PACKEDATTR __attribute__((packed))
| #define HAVE_DECL_SYS_SIGLIST 0
| #define HAVE_SYS_WAIT_H 1
| #define HAVE_UNISTD_H 1
| #define HAVE_ASM_BYTEORDER_H 1
| #define HAVE_SCHED_H 1
| #define stricmp strcasecmp
| #define strnicmp strncasecmp
| #define HAVE_GETOPT 1
| #define HAVE_INET_ATON 1
| #define HAVE_INET_PTON 1
| #define HAVE_INET_NTOP 1
| #define HAVE_SNPRINTF 1
| #define HAVE_VSNPRINTF 1
| #define HAVE_MMAP 1
| #define HAVE_USLEEP 1
| #define HAVE_SCHED_SETAFFINITY 1
| #define HAVE_LIBM 1
| #define HAVE_SDL_JOYSTICKGETAXIS 1
| #define HAVE_LIBSDL_MIXER 1
| #define HAVE_NET 1
| #define HAVE_LIBSDL_NET 1
| #define USE_SDL_NET 1
| /* end confdefs.h.  */
| 
|           #include "SDL_net.h"
| 
| int
| main ()
| {
| 
|           UDPpacket *p;
|           int n = sizeof(p->src);
| 
|   ;
|   return 0;
| }
configure:5917: checking for pcreposix_regcomp in -lpcreposix
configure:5942: /home/ninoh-fox/toolchain/output/host/usr/bin/mipsel-gcw0-linux-uclibc-gcc -o conftest -D_LARGEFILE_SOURCE -D_LARGEFILE64_SOURCE -D_FILE_OFFSET_BITS=64  -pipe -O2  -Wall -Wextra -Wno-missing-field-initializers -Wwrite-strings -Wundef -Wbad-function-cast -Wcast-align -Wcast-qual -Wdeclaration-after-statement -Wpointer-arith -ffast-math -Wno-unused -Wno-switch -Wno-sign-compare -Wno-pointer-sign -O2 -fomit-frame-pointer -I$(top_srcdir)/src -D_LARGEFILE_SOURCE -D_LARGEFILE64_SOURCE -D_FILE_OFFSET_BITS=64  conftest.c -lpcreposix  -lSDL_mixer -lm  >&5
/home/ninoh-fox/toolchain/output/host/usr/lib/gcc/mipsel-gcw0-linux-uclibc/4.9.1/../../../../mipsel-gcw0-linux-uclibc/bin/ld: cannot find -lpcreposix
collect2: error: ld returned 1 exit status
configure:5942: $? = 1
configure: failed program was:
| /* confdefs.h */
| #define PACKAGE_NAME "PrBoom-Plus"
| #define PACKAGE_TARNAME "prboom-plus"
| #define PACKAGE_VERSION "2.5.1.3"
| #define PACKAGE_STRING "PrBoom-Plus 2.5.1.3"
| #define PACKAGE_BUGREPORT ""
| #define PACKAGE_URL ""
| #define PACKAGE "prboom-plus"
| #define VERSION "2.5.1.3"
| #define DOOMWADDIR "/usr/share/games/doom"
| #define STDC_HEADERS 1
| #define HAVE_SYS_TYPES_H 1
| #define HAVE_SYS_STAT_H 1
| #define HAVE_STDLIB_H 1
| #define HAVE_STRING_H 1
| #define HAVE_MEMORY_H 1
| #define HAVE_STRINGS_H 1
| #define HAVE_INTTYPES_H 1
| #define HAVE_STDINT_H 1
| #define HAVE_UNISTD_H 1
| #define __EXTENSIONS__ 1
| #define _ALL_SOURCE 1
| #define _GNU_SOURCE 1
| #define _POSIX_PTHREAD_SEMANTICS 1
| #define _TANDEM_SOURCE 1
| #define PACKEDATTR __attribute__((packed))
| #define HAVE_DECL_SYS_SIGLIST 0
| #define HAVE_SYS_WAIT_H 1
| #define HAVE_UNISTD_H 1
| #define HAVE_ASM_BYTEORDER_H 1
| #define HAVE_SCHED_H 1
| #define stricmp strcasecmp
| #define strnicmp strncasecmp
| #define HAVE_GETOPT 1
| #define HAVE_INET_ATON 1
| #define HAVE_INET_PTON 1
| #define HAVE_INET_NTOP 1
| #define HAVE_SNPRINTF 1
| #define HAVE_VSNPRINTF 1
| #define HAVE_MMAP 1
| #define HAVE_USLEEP 1
| #define HAVE_SCHED_SETAFFINITY 1
| #define HAVE_LIBM 1
| #define HAVE_SDL_JOYSTICKGETAXIS 1
| #define HAVE_LIBSDL_MIXER 1
| #define HAVE_NET 1
| #define HAVE_LIBSDL_NET 1
| #define USE_SDL_NET 1
| /* end confdefs.h.  */
| 
| /* Override any GCC internal prototype to avoid an error.
|    Use char because int might match the return type of a GCC
|    builtin and then its argument prototype would still apply.  */
| #ifdef __cplusplus
| extern "C"
| #endif
| char pcreposix_regcomp ();
| int
| main ()
| {
| return pcreposix_regcomp ();
|   ;
|   return 0;
| }
configure:5951: result: no
configure:5975: checking for mad_stream_init in -lmad
configure:6000: /home/ninoh-fox/toolchain/output/host/usr/bin/mipsel-gcw0-linux-uclibc-gcc -o conftest -D_LARGEFILE_SOURCE -D_LARGEFILE64_SOURCE -D_FILE_OFFSET_BITS=64  -pipe -O2  -Wall -Wextra -Wno-missing-field-initializers -Wwrite-strings -Wundef -Wbad-function-cast -Wcast-align -Wcast-qual -Wdeclaration-after-statement -Wpointer-arith -ffast-math -Wno-unused -Wno-switch -Wno-sign-compare -Wno-pointer-sign -O2 -fomit-frame-pointer -I$(top_srcdir)/src -D_LARGEFILE_SOURCE -D_LARGEFILE64_SOURCE -D_FILE_OFFSET_BITS=64  conftest.c -lmad  -lSDL_mixer -lm  >&5
configure:6000: $? = 0
configure:6009: result: yes
configure:6031: checking for new_fluid_synth in -lfluidsynth
configure:6056: /home/ninoh-fox/toolchain/output/host/usr/bin/mipsel-gcw0-linux-uclibc-gcc -o conftest -D_LARGEFILE_SOURCE -D_LARGEFILE64_SOURCE -D_FILE_OFFSET_BITS=64  -pipe -O2  -Wall -Wextra -Wno-missing-field-initializers -Wwrite-strings -Wundef -Wbad-function-cast -Wcast-align -Wcast-qual -Wdeclaration-after-statement -Wpointer-arith -ffast-math -Wno-unused -Wno-switch -Wno-sign-compare -Wno-pointer-sign -O2 -fomit-frame-pointer -I$(top_srcdir)/src -D_LARGEFILE_SOURCE -D_LARGEFILE64_SOURCE -D_FILE_OFFSET_BITS=64  conftest.c -lfluidsynth  -lmad -lSDL_mixer -lm  >&5
configure:6056: $? = 0
configure:6065: result: yes
configure:6087: checking for dumbfile_open in -ldumb
configure:6112: /home/ninoh-fox/toolchain/output/host/usr/bin/mipsel-gcw0-linux-uclibc-gcc -o conftest -D_LARGEFILE_SOURCE -D_LARGEFILE64_SOURCE -D_FILE_OFFSET_BITS=64  -pipe -O2  -Wall -Wextra -Wno-missing-field-initializers -Wwrite-strings -Wundef -Wbad-function-cast -Wcast-align -Wcast-qual -Wdeclaration-after-statement -Wpointer-arith -ffast-math -Wno-unused -Wno-switch -Wno-sign-compare -Wno-pointer-sign -O2 -fomit-frame-pointer -I$(top_srcdir)/src -D_LARGEFILE_SOURCE -D_LARGEFILE64_SOURCE -D_FILE_OFFSET_BITS=64  conftest.c -ldumb  -lfluidsynth -lmad -lSDL_mixer -lm  >&5
/home/ninoh-fox/toolchain/output/host/usr/lib/gcc/mipsel-gcw0-linux-uclibc/4.9.1/../../../../mipsel-gcw0-linux-uclibc/bin/ld: cannot find -ldumb
collect2: error: ld returned 1 exit status
configure:6112: $? = 1
configure: failed program was:
| /* confdefs.h */
| #define PACKAGE_NAME "PrBoom-Plus"
| #define PACKAGE_TARNAME "prboom-plus"
| #define PACKAGE_VERSION "2.5.1.3"
| #define PACKAGE_STRING "PrBoom-Plus 2.5.1.3"
| #define PACKAGE_BUGREPORT ""
| #define PACKAGE_URL ""
| #define PACKAGE "prboom-plus"
| #define VERSION "2.5.1.3"
| #define DOOMWADDIR "/usr/share/games/doom"
| #define STDC_HEADERS 1
| #define HAVE_SYS_TYPES_H 1
| #define HAVE_SYS_STAT_H 1
| #define HAVE_STDLIB_H 1
| #define HAVE_STRING_H 1
| #define HAVE_MEMORY_H 1
| #define HAVE_STRINGS_H 1
| #define HAVE_INTTYPES_H 1
| #define HAVE_STDINT_H 1
| #define HAVE_UNISTD_H 1
| #define __EXTENSIONS__ 1
| #define _ALL_SOURCE 1
| #define _GNU_SOURCE 1
| #define _POSIX_PTHREAD_SEMANTICS 1
| #define _TANDEM_SOURCE 1
| #define PACKEDATTR __attribute__((packed))
| #define HAVE_DECL_SYS_SIGLIST 0
| #define HAVE_SYS_WAIT_H 1
| #define HAVE_UNISTD_H 1
| #define HAVE_ASM_BYTEORDER_H 1
| #define HAVE_SCHED_H 1
| #define stricmp strcasecmp
| #define strnicmp strncasecmp
| #define HAVE_GETOPT 1
| #define HAVE_INET_ATON 1
| #define HAVE_INET_PTON 1
| #define HAVE_INET_NTOP 1
| #define HAVE_SNPRINTF 1
| #define HAVE_VSNPRINTF 1
| #define HAVE_MMAP 1
| #define HAVE_USLEEP 1
| #define HAVE_SCHED_SETAFFINITY 1
| #define HAVE_LIBM 1
| #define HAVE_SDL_JOYSTICKGETAXIS 1
| #define HAVE_LIBSDL_MIXER 1
| #define HAVE_NET 1
| #define HAVE_LIBSDL_NET 1
| #define USE_SDL_NET 1
| #define HAVE_LIBMAD 1
| #define HAVE_LIBFLUIDSYNTH 1
| /* end confdefs.h.  */
| 
| /* Override any GCC internal prototype to avoid an error.
|    Use char because int might match the return type of a GCC
|    builtin and then its argument prototype would still apply.  */
| #ifdef __cplusplus
| extern "C"
| #endif
| char dumbfile_open ();
| int
| main ()
| {
| return dumbfile_open ();
|   ;
|   return 0;
| }
configure:6121: result: no
configure:6143: checking for ov_test_callbacks in -lvorbisfile
configure:6168: /home/ninoh-fox/toolchain/output/host/usr/bin/mipsel-gcw0-linux-uclibc-gcc -o conftest -D_LARGEFILE_SOURCE -D_LARGEFILE64_SOURCE -D_FILE_OFFSET_BITS=64  -pipe -O2  -Wall -Wextra -Wno-missing-field-initializers -Wwrite-strings -Wundef -Wbad-function-cast -Wcast-align -Wcast-qual -Wdeclaration-after-statement -Wpointer-arith -ffast-math -Wno-unused -Wno-switch -Wno-sign-compare -Wno-pointer-sign -O2 -fomit-frame-pointer -I$(top_srcdir)/src -D_LARGEFILE_SOURCE -D_LARGEFILE64_SOURCE -D_FILE_OFFSET_BITS=64  conftest.c -lvorbisfile -logg -lvorbis -lfluidsynth -lmad -lSDL_mixer -lm  >&5
configure:6168: $? = 0
configure:6177: result: yes
configure:6199: checking for Pt_Time in -lporttime
configure:6224: /home/ninoh-fox/toolchain/output/host/usr/bin/mipsel-gcw0-linux-uclibc-gcc -o conftest -D_LARGEFILE_SOURCE -D_LARGEFILE64_SOURCE -D_FILE_OFFSET_BITS=64  -pipe -O2  -Wall -Wextra -Wno-missing-field-initializers -Wwrite-strings -Wundef -Wbad-function-cast -Wcast-align -Wcast-qual -Wdeclaration-after-statement -Wpointer-arith -ffast-math -Wno-unused -Wno-switch -Wno-sign-compare -Wno-pointer-sign -O2 -fomit-frame-pointer -I$(top_srcdir)/src -D_LARGEFILE_SOURCE -D_LARGEFILE64_SOURCE -D_FILE_OFFSET_BITS=64  conftest.c -lporttime  -lvorbisfile -lfluidsynth -lmad -lSDL_mixer -lm  >&5
/home/ninoh-fox/toolchain/output/host/usr/lib/gcc/mipsel-gcw0-linux-uclibc/4.9.1/../../../../mipsel-gcw0-linux-uclibc/bin/ld: cannot find -lporttime
collect2: error: ld returned 1 exit status
configure:6224: $? = 1
configure: failed program was:
| /* confdefs.h */
| #define PACKAGE_NAME "PrBoom-Plus"
| #define PACKAGE_TARNAME "prboom-plus"
| #define PACKAGE_VERSION "2.5.1.3"
| #define PACKAGE_STRING "PrBoom-Plus 2.5.1.3"
| #define PACKAGE_BUGREPORT ""
| #define PACKAGE_URL ""
| #define PACKAGE "prboom-plus"
| #define VERSION "2.5.1.3"
| #define DOOMWADDIR "/usr/share/games/doom"
| #define STDC_HEADERS 1
| #define HAVE_SYS_TYPES_H 1
| #define HAVE_SYS_STAT_H 1
| #define HAVE_STDLIB_H 1
| #define HAVE_STRING_H 1
| #define HAVE_MEMORY_H 1
| #define HAVE_STRINGS_H 1
| #define HAVE_INTTYPES_H 1
| #define HAVE_STDINT_H 1
| #define HAVE_UNISTD_H 1
| #define __EXTENSIONS__ 1
| #define _ALL_SOURCE 1
| #define _GNU_SOURCE 1
| #define _POSIX_PTHREAD_SEMANTICS 1
| #define _TANDEM_SOURCE 1
| #define PACKEDATTR __attribute__((packed))
| #define HAVE_DECL_SYS_SIGLIST 0
| #define HAVE_SYS_WAIT_H 1
| #define HAVE_UNISTD_H 1
| #define HAVE_ASM_BYTEORDER_H 1
| #define HAVE_SCHED_H 1
| #define stricmp strcasecmp
| #define strnicmp strncasecmp
| #define HAVE_GETOPT 1
| #define HAVE_INET_ATON 1
| #define HAVE_INET_PTON 1
| #define HAVE_INET_NTOP 1
| #define HAVE_SNPRINTF 1
| #define HAVE_VSNPRINTF 1
| #define HAVE_MMAP 1
| #define HAVE_USLEEP 1
| #define HAVE_SCHED_SETAFFINITY 1
| #define HAVE_LIBM 1
| #define HAVE_SDL_JOYSTICKGETAXIS 1
| #define HAVE_LIBSDL_MIXER 1
| #define HAVE_NET 1
| #define HAVE_LIBSDL_NET 1
| #define USE_SDL_NET 1
| #define HAVE_LIBMAD 1
| #define HAVE_LIBFLUIDSYNTH 1
| #define HAVE_LIBVORBISFILE 1
| /* end confdefs.h.  */
| 
| /* Override any GCC internal prototype to avoid an error.
|    Use char because int might match the return type of a GCC
|    builtin and then its argument prototype would still apply.  */
| #ifdef __cplusplus
| extern "C"
| #endif
| char Pt_Time ();
| int
| main ()
| {
| return Pt_Time ();
|   ;
|   return 0;
| }
configure:6233: result: no
configure:6239: checking for Pm_OpenInput in -lportmidi
configure:6264: /home/ninoh-fox/toolchain/output/host/usr/bin/mipsel-gcw0-linux-uclibc-gcc -o conftest -D_LARGEFILE_SOURCE -D_LARGEFILE64_SOURCE -D_FILE_OFFSET_BITS=64  -pipe -O2  -Wall -Wextra -Wno-missing-field-initializers -Wwrite-strings -Wundef -Wbad-function-cast -Wcast-align -Wcast-qual -Wdeclaration-after-statement -Wpointer-arith -ffast-math -Wno-unused -Wno-switch -Wno-sign-compare -Wno-pointer-sign -O2 -fomit-frame-pointer -I$(top_srcdir)/src -D_LARGEFILE_SOURCE -D_LARGEFILE64_SOURCE -D_FILE_OFFSET_BITS=64  conftest.c -lportmidi  -lvorbisfile -lfluidsynth -lmad -lSDL_mixer -lm  >&5
/home/ninoh-fox/toolchain/output/host/usr/lib/gcc/mipsel-gcw0-linux-uclibc/4.9.1/../../../../mipsel-gcw0-linux-uclibc/bin/ld: cannot find -lportmidi
collect2: error: ld returned 1 exit status
configure:6264: $? = 1
configure: failed program was:
| /* confdefs.h */
| #define PACKAGE_NAME "PrBoom-Plus"
| #define PACKAGE_TARNAME "prboom-plus"
| #define PACKAGE_VERSION "2.5.1.3"
| #define PACKAGE_STRING "PrBoom-Plus 2.5.1.3"
| #define PACKAGE_BUGREPORT ""
| #define PACKAGE_URL ""
| #define PACKAGE "prboom-plus"
| #define VERSION "2.5.1.3"
| #define DOOMWADDIR "/usr/share/games/doom"
| #define STDC_HEADERS 1
| #define HAVE_SYS_TYPES_H 1
| #define HAVE_SYS_STAT_H 1
| #define HAVE_STDLIB_H 1
| #define HAVE_STRING_H 1
| #define HAVE_MEMORY_H 1
| #define HAVE_STRINGS_H 1
| #define HAVE_INTTYPES_H 1
| #define HAVE_STDINT_H 1
| #define HAVE_UNISTD_H 1
| #define __EXTENSIONS__ 1
| #define _ALL_SOURCE 1
| #define _GNU_SOURCE 1
| #define _POSIX_PTHREAD_SEMANTICS 1
| #define _TANDEM_SOURCE 1
| #define PACKEDATTR __attribute__((packed))
| #define HAVE_DECL_SYS_SIGLIST 0
| #define HAVE_SYS_WAIT_H 1
| #define HAVE_UNISTD_H 1
| #define HAVE_ASM_BYTEORDER_H 1
| #define HAVE_SCHED_H 1
| #define stricmp strcasecmp
| #define strnicmp strncasecmp
| #define HAVE_GETOPT 1
| #define HAVE_INET_ATON 1
| #define HAVE_INET_PTON 1
| #define HAVE_INET_NTOP 1
| #define HAVE_SNPRINTF 1
| #define HAVE_VSNPRINTF 1
| #define HAVE_MMAP 1
| #define HAVE_USLEEP 1
| #define HAVE_SCHED_SETAFFINITY 1
| #define HAVE_LIBM 1
| #define HAVE_SDL_JOYSTICKGETAXIS 1
| #define HAVE_LIBSDL_MIXER 1
| #define HAVE_NET 1
| #define HAVE_LIBSDL_NET 1
| #define USE_SDL_NET 1
| #define HAVE_LIBMAD 1
| #define HAVE_LIBFLUIDSYNTH 1
| #define HAVE_LIBVORBISFILE 1
| /* end confdefs.h.  */
| 
| /* Override any GCC internal prototype to avoid an error.
|    Use char because int might match the return type of a GCC
|    builtin and then its argument prototype would still apply.  */
| #ifdef __cplusplus
| extern "C"
| #endif
| char Pm_OpenInput ();
| int
| main ()
| {
| return Pm_OpenInput ();
|   ;
|   return 0;
| }
configure:6273: result: no
configure:6295: checking for IMG_Load in -lSDL_image
configure:6320: /home/ninoh-fox/toolchain/output/host/usr/bin/mipsel-gcw0-linux-uclibc-gcc -o conftest -D_LARGEFILE_SOURCE -D_LARGEFILE64_SOURCE -D_FILE_OFFSET_BITS=64  -pipe -O2  -Wall -Wextra -Wno-missing-field-initializers -Wwrite-strings -Wundef -Wbad-function-cast -Wcast-align -Wcast-qual -Wdeclaration-after-statement -Wpointer-arith -ffast-math -Wno-unused -Wno-switch -Wno-sign-compare -Wno-pointer-sign -O2 -fomit-frame-pointer -I$(top_srcdir)/src -D_LARGEFILE_SOURCE -D_LARGEFILE64_SOURCE -D_FILE_OFFSET_BITS=64  conftest.c -lSDL_image  -lvorbisfile -lfluidsynth -lmad -lSDL_mixer -lm  >&5
configure:6320: $? = 0
configure:6329: result: yes
configure:6351: checking for png_create_info_struct in -lpng
configure:6376: /home/ninoh-fox/toolchain/output/host/usr/bin/mipsel-gcw0-linux-uclibc-gcc -o conftest -D_LARGEFILE_SOURCE -D_LARGEFILE64_SOURCE -D_FILE_OFFSET_BITS=64  -pipe -O2  -Wall -Wextra -Wno-missing-field-initializers -Wwrite-strings -Wundef -Wbad-function-cast -Wcast-align -Wcast-qual -Wdeclaration-after-statement -Wpointer-arith -ffast-math -Wno-unused -Wno-switch -Wno-sign-compare -Wno-pointer-sign -O2 -fomit-frame-pointer -I$(top_srcdir)/src -D_LARGEFILE_SOURCE -D_LARGEFILE64_SOURCE -D_FILE_OFFSET_BITS=64  conftest.c -lpng  -lSDL_image -lvorbisfile -lfluidsynth -lmad -lSDL_mixer -lm  >&5
configure:6376: $? = 0
configure:6385: result: yes
configure:6629: creating ./config.status
configure:7957: WARNING: unrecognized options: --disable-gtk-doc, --disable-doc, --disable-docs, --disable-documentation, --with-xmlto, --with-fop, --disable-nls, --enable-ipv6, --enable-static, --enable-shared

## ---------------- ##
## Cache variables. ##
## ---------------- ##

ac_cv_build=x86_64-unknown-linux-gnu
ac_cv_c_compiler_gnu=yes
ac_cv_c_const=yes
ac_cv_c_inline=inline
ac_cv_env_CC_set=set
ac_cv_env_CC_value=/home/ninoh-fox/toolchain/output/host/usr/bin/mipsel-gcw0-linux-uclibc-gcc
ac_cv_env_CFLAGS_set=set
ac_cv_env_CFLAGS_value='-D_LARGEFILE_SOURCE -D_LARGEFILE64_SOURCE -D_FILE_OFFSET_BITS=64  -pipe -O2 '
ac_cv_env_CPPFLAGS_set=set
ac_cv_env_CPPFLAGS_value='-D_LARGEFILE_SOURCE -D_LARGEFILE64_SOURCE -D_FILE_OFFSET_BITS=64'
ac_cv_env_CPP_set=set
ac_cv_env_CPP_value=/home/ninoh-fox/toolchain/output/host/usr/bin/mipsel-gcw0-linux-uclibc-cpp
ac_cv_env_LDFLAGS_set=set
ac_cv_env_LDFLAGS_value=
ac_cv_env_LIBS_set=
ac_cv_env_LIBS_value=
ac_cv_env_build_alias_set=set
ac_cv_env_build_alias_value=x86_64-unknown-linux-gnu
ac_cv_env_host_alias_set=set
ac_cv_env_host_alias_value=mipsel-gcw0-linux-uclibc
ac_cv_env_target_alias_set=set
ac_cv_env_target_alias_value=mipsel-gcw0-linux-uclibc
ac_cv_func_SDL_JoystickGetAxis=yes
ac_cv_func_getopt=yes
ac_cv_func_inet_aton=yes
ac_cv_func_inet_ntop=yes
ac_cv_func_inet_pton=yes
ac_cv_func_max=no
ac_cv_func_min=no
ac_cv_func_mmap=yes
ac_cv_func_sched_setaffinity=yes
ac_cv_func_snprintf=yes
ac_cv_func_stricmp=no
ac_cv_func_strnicmp=no
ac_cv_func_usleep=yes
ac_cv_func_vsnprintf=yes
ac_cv_have_decl_sys_siglist=no
ac_cv_header_asm_byteorder_h=yes
ac_cv_header_inttypes_h=yes
ac_cv_header_memory_h=yes
ac_cv_header_minix_config_h=no
ac_cv_header_sched_h=yes
ac_cv_header_stdc=yes
ac_cv_header_stdint_h=yes
ac_cv_header_stdlib_h=yes
ac_cv_header_string_h=yes
ac_cv_header_strings_h=yes
ac_cv_header_sys_stat_h=yes
ac_cv_header_sys_types_h=yes
ac_cv_header_sys_wait_h=yes
ac_cv_header_unistd_h=yes
ac_cv_host=mipsel-gcw0-linux-uclibc
ac_cv_lib_SDL_image_IMG_Load=yes
ac_cv_lib_SDL_mixer_Mix_OpenAudio=yes
ac_cv_lib_SDL_net_SDLNet_UDP_Bind=yes
ac_cv_lib_dumb_dumbfile_open=no
ac_cv_lib_fluidsynth_new_fluid_synth=yes
ac_cv_lib_m_pow=yes
ac_cv_lib_mad_mad_stream_init=yes
ac_cv_lib_pcreposix_pcreposix_regcomp=no
ac_cv_lib_png_png_create_info_struct=yes
ac_cv_lib_portmidi_Pm_OpenInput=no
ac_cv_lib_porttime_Pt_Time=no
ac_cv_lib_vorbisfile_ov_test_callbacks=yes
ac_cv_objext=o
ac_cv_path_EGREP='/bin/grep -E'
ac_cv_path_GREP=/bin/grep
ac_cv_path_SDL_CONFIG=/home/ninoh-fox/toolchain/output/host/usr/mipsel-gcw0-linux-uclibc/sysroot/usr/bin/sdl-config
ac_cv_path_install='/usr/bin/install -c'
ac_cv_path_mkdir=/bin/mkdir
ac_cv_prog_AWK=gawk
ac_cv_prog_CC=/home/ninoh-fox/toolchain/output/host/usr/bin/mipsel-gcw0-linux-uclibc-gcc
ac_cv_prog_CPP=/home/ninoh-fox/toolchain/output/host/usr/bin/mipsel-gcw0-linux-uclibc-cpp
ac_cv_prog_RANLIB=mipsel-gcw0-linux-uclibc-ranlib
ac_cv_prog_STRIP=mipsel-gcw0-linux-uclibc-strip
ac_cv_prog_cc_c89=
ac_cv_prog_cc_g=yes
ac_cv_prog_make_make_set=yes
ac_cv_safe_to_define___extensions__=yes
ac_cv_target=mipsel-gcw0-linux-uclibc
ac_cv_type_size_t=yes
ac_cv_type_uid_t=yes
am_cv_CC_dependencies_compiler_type=gcc3

## ----------------- ##
## Output variables. ##
## ----------------- ##

ACLOCAL='${SHELL} /home/ninoh-fox/doommod/doom/autotools/missing --run aclocal-1.11'
AMDEPBACKSLASH='\'
AMDEP_FALSE='#'
AMDEP_TRUE=''
AMTAR='${SHELL} /home/ninoh-fox/doommod/doom/autotools/missing --run tar'
AM_BACKSLASH='\'
AM_DEFAULT_VERBOSITY='0'
AUTOCONF='${SHELL} /home/ninoh-fox/doommod/doom/autotools/missing --run autoconf'
AUTOHEADER='${SHELL} /home/ninoh-fox/doommod/doom/autotools/missing --run autoheader'
AUTOMAKE='${SHELL} /home/ninoh-fox/doommod/doom/autotools/missing --run automake-1.11'
AWK='gawk'
BUILD_GL_FALSE=''
BUILD_GL_TRUE='#'
BUILD_SERVER_FALSE='#'
BUILD_SERVER_TRUE=''
CC='/home/ninoh-fox/toolchain/output/host/usr/bin/mipsel-gcw0-linux-uclibc-gcc'
CCDEPMODE='depmode=gcc3'
CFLAGS='-D_LARGEFILE_SOURCE -D_LARGEFILE64_SOURCE -D_FILE_OFFSET_BITS=64  -pipe -O2  -Wall -Wextra -Wno-missing-field-initializers -Wwrite-strings -Wundef -Wbad-function-cast -Wcast-align -Wcast-qual -Wdeclaration-after-statement -Wpointer-arith -ffast-math -Wno-unused -Wno-switch -Wno-sign-compare -Wno-pointer-sign -O2 -fomit-frame-pointer -I$(top_srcdir)/src'
CPP='/home/ninoh-fox/toolchain/output/host/usr/bin/mipsel-gcw0-linux-uclibc-cpp'
CPPFLAGS='-D_LARGEFILE_SOURCE -D_LARGEFILE64_SOURCE -D_FILE_OFFSET_BITS=64'
CYGPATH_W='echo'
DEFS='-DHAVE_CONFIG_H'
DEPDIR='.deps'
DOOMWADDIR='/usr/share/games/doom'
ECHO_C=''
ECHO_N='-n'
ECHO_T=''
EGREP='/bin/grep -E'
EXEEXT=''
GL_LIBS=''
GREP='/bin/grep'
INSTALL_DATA='${INSTALL} -m 644'
INSTALL_PROGRAM='${INSTALL}'
INSTALL_SCRIPT='${INSTALL}'
INSTALL_STRIP_PROGRAM='$(install_sh) -c -s'
LDFLAGS=''
LIBOBJS=''
LIBS='-lpng -lSDL_image -lvorbisfile -lfluidsynth -lmad -lSDL_mixer -lm '
LN_S='ln -s'
LTLIBOBJS=''
MAINT=''
MAINTAINER_MODE_FALSE='#'
MAINTAINER_MODE_TRUE=''
MAKEINFO='${SHELL} /home/ninoh-fox/doommod/doom/autotools/missing --run makeinfo'
MATH_LIB=''
MIXER_CFLAGS=''
MIXER_LIBS=''
MKDIR_P='/bin/mkdir -p'
NET_CFLAGS=''
NET_LIBS='-lSDL_net'
OBJEXT='o'
PACKAGE='prboom-plus'
PACKAGE_BUGREPORT=''
PACKAGE_NAME='PrBoom-Plus'
PACKAGE_STRING='PrBoom-Plus 2.5.1.3'
PACKAGE_TARNAME='prboom-plus'
PACKAGE_URL=''
PACKAGE_VERSION='2.5.1.3'
PATH_SEPARATOR=':'
RANLIB='mipsel-gcw0-linux-uclibc-ranlib'
SDL_CFLAGS='-I/home/ninoh-fox/toolchain/output/host/usr/mipsel-gcw0-linux-uclibc/sysroot/usr/include/SDL -D_GNU_SOURCE=1 -D_REENTRANT'
SDL_CONFIG='/home/ninoh-fox/toolchain/output/host/usr/mipsel-gcw0-linux-uclibc/sysroot/usr/bin/sdl-config'
SDL_LIBS='-L/home/ninoh-fox/toolchain/output/host/usr/mipsel-gcw0-linux-uclibc/sysroot/usr/lib -lSDL -lpthread'
SET_MAKE=''
SHELL='/bin/bash'
STRIP='mipsel-gcw0-linux-uclibc-strip'
VERSION='2.5.1.3'
WAD_MMAP_FALSE='#'
WAD_MMAP_TRUE=''
ac_ct_CC=''
am__EXEEXT_FALSE=''
am__EXEEXT_TRUE='#'
am__fastdepCC_FALSE='#'
am__fastdepCC_TRUE=''
am__include='include'
am__isrc=''
am__leading_dot='.'
am__quote=''
am__tar='${AMTAR} chof - "$$tardir"'
am__untar='${AMTAR} xf -'
bindir='${exec_prefix}/bin'
build='x86_64-unknown-linux-gnu'
build_alias='x86_64-unknown-linux-gnu'
build_cpu='x86_64'
build_os='linux-gnu'
build_vendor='unknown'
datadir='${datarootdir}'
datarootdir='${prefix}/share'
docdir='${datarootdir}/doc/${PACKAGE_TARNAME}'
dvidir='${docdir}'
exec_prefix='/usr'
host='mipsel-gcw0-linux-uclibc'
host_alias='mipsel-gcw0-linux-uclibc'
host_cpu='mipsel'
host_os='linux-uclibc'
host_vendor='gcw0'
htmldir='${docdir}'
includedir='${prefix}/include'
infodir='${datarootdir}/info'
install_sh='${SHELL} /home/ninoh-fox/doommod/doom/autotools/install-sh'
libdir='${exec_prefix}/lib'
libexecdir='${exec_prefix}/libexec'
localedir='${datarootdir}/locale'
localstatedir='${prefix}/var'
mandir='${datarootdir}/man'
mkdir_p='/bin/mkdir -p'
oldincludedir='/home/ninoh-fox/toolchain/output/host/usr/mipsel-gcw0-linux-uclibc/sysroot/usr/include'
pdfdir='${docdir}'
prefix='/usr'
program_transform_name='s&^&&'
psdir='${docdir}'
sbindir='${exec_prefix}/sbin'
sharedstatedir='${prefix}/com'
sysconfdir='/etc'
target='mipsel-gcw0-linux-uclibc'
target_alias='mipsel-gcw0-linux-uclibc'
target_cpu='mipsel'
target_os='linux-uclibc'
target_vendor='gcw0'

## ----------- ##
## confdefs.h. ##
## ----------- ##

/* confdefs.h */
#define PACKAGE_NAME "PrBoom-Plus"
#define PACKAGE_TARNAME "prboom-plus"
#define PACKAGE_VERSION "2.5.1.3"
#define PACKAGE_STRING "PrBoom-Plus 2.5.1.3"
#define PACKAGE_BUGREPORT ""
#define PACKAGE_URL ""
#define PACKAGE "prboom-plus"
#define VERSION "2.5.1.3"
#define DOOMWADDIR "/usr/share/games/doom"
#define STDC_HEADERS 1
#define HAVE_SYS_TYPES_H 1
#define HAVE_SYS_STAT_H 1
#define HAVE_STDLIB_H 1
#define HAVE_STRING_H 1
#define HAVE_MEMORY_H 1
#define HAVE_STRINGS_H 1
#define HAVE_INTTYPES_H 1
#define HAVE_STDINT_H 1
#define HAVE_UNISTD_H 1
#define __EXTENSIONS__ 1
#define _ALL_SOURCE 1
#define _GNU_SOURCE 1
#define _POSIX_PTHREAD_SEMANTICS 1
#define _TANDEM_SOURCE 1
#define PACKEDATTR __attribute__((packed))
#define HAVE_DECL_SYS_SIGLIST 0
#define HAVE_SYS_WAIT_H 1
#define HAVE_UNISTD_H 1
#define HAVE_ASM_BYTEORDER_H 1
#define HAVE_SCHED_H 1
#define stricmp strcasecmp
#define strnicmp strncasecmp
#define HAVE_GETOPT 1
#define HAVE_INET_ATON 1
#define HAVE_INET_PTON 1
#define HAVE_INET_NTOP 1
#define HAVE_SNPRINTF 1
#define HAVE_VSNPRINTF 1
#define HAVE_MMAP 1
#define HAVE_USLEEP 1
#define HAVE_SCHED_SETAFFINITY 1
#define HAVE_LIBM 1
#define HAVE_SDL_JOYSTICKGETAXIS 1
#define HAVE_LIBSDL_MIXER 1
#define HAVE_NET 1
#define HAVE_LIBSDL_NET 1
#define USE_SDL_NET 1
#define HAVE_LIBMAD 1
#define HAVE_LIBFLUIDSYNTH 1
#define HAVE_LIBVORBISFILE 1
#define HAVE_LIBSDL_IMAGE 1
#define HAVE_LIBPNG 1
#define HAVE_IPv6 1
#define HIGHRES 1
#define SIMPLECHECKS 1
#define ZONEIDCHECK 1
#define DOGS 1

configure: exit 0

## ---------------------- ##
## Running config.status. ##
## ---------------------- ##

This file was extended by PrBoom-Plus config.status 2.5.1.3, which was
generated by GNU Autoconf 2.69.  Invocation command line was

  CONFIG_FILES    = 
  CONFIG_HEADERS  = 
  CONFIG_LINKS    = 
  CONFIG_COMMANDS = 
  $ ./config.status 

on debian

config.status:937: creating Makefile
config.status:937: creating src/Makefile
config.status:937: creating src/POSIX/Makefile
config.status:937: creating src/SDL/Makefile
config.status:937: creating src/MAC/Makefile
config.status:937: creating src/PCSOUND/Makefile
config.status:937: creating src/TEXTSCREEN/Makefile
config.status:937: creating src/MUSIC/Makefile
config.status:937: creating doc/Makefile
config.status:937: creating data/Makefile
config.status:937: creating ICONS/Makefile
config.status:937: creating VisualC6/Makefile
config.status:937: creating VisualC8/Makefile
config.status:937: creating VisualC9/Makefile
config.status:937: creating prboom.spec
config.status:937: creating config.h
config.status:1118: config.h is unchanged
config.status:1166: executing depfiles commands

## ---------------------- ##
## Running config.status. ##
## ---------------------- ##

This file was extended by PrBoom-Plus config.status 2.5.1.3, which was
generated by GNU Autoconf 2.69.  Invocation command line was

  CONFIG_FILES    = 
  CONFIG_HEADERS  = 
  CONFIG_LINKS    = 
  CONFIG_COMMANDS = 
  $ ./config.status config.h

on debian

config.status:937: creating config.h
config.status:1118: config.h is unchanged
